4:08:24 PM  [main] 	Initializing Control Panel
4:08:24 PM  [main] 	Windows Version:  Home  64-bit
4:08:24 PM  [main] 	XAMPP Version: 7.4.16
4:08:24 PM  [main] 	Control Panel Version: 3.2.4  [ Compiled: Jun 5th 2019 ]
4:08:24 PM  [main] 	You are not running with administrator rights! This will work for
4:08:24 PM  [main] 	most application stuff but whenever you do something with services
4:08:24 PM  [main] 	there will be a security dialogue or things will break! So think 
4:08:24 PM  [main] 	about running this application with administrator rights!
4:08:24 PM  [main] 	XAMPP Installation Directory: "c:\xampp\"
4:08:24 PM  [main] 	Checking for prerequisites
4:08:26 PM  [main] 	All prerequisites found
4:08:26 PM  [main] 	Initializing Modules
4:08:26 PM  [mysql] 	Problem detected!
4:08:26 PM  [mysql] 	Port 3306 in use by "Unable to open process"!
4:08:26 PM  [mysql] 	MySQL WILL NOT start without the configured ports free!
4:08:26 PM  [mysql] 	You need to uninstall/disable/reconfigure the blocking application
4:08:26 PM  [mysql] 	or reconfigure MySQL and the Control Panel to listen on a different port
4:08:26 PM  [main] 	Starting Check-Timer
4:08:26 PM  [main] 	Control Panel Ready
4:41:59 PM  [main] 	Deinitializing Modules
4:41:59 PM  [main] 	Deinitializing Control Panel

5:38:50 PM  [main] 	Initializing Control Panel
5:38:50 PM  [main] 	Windows Version:  Home  64-bit
5:38:50 PM  [main] 	XAMPP Version: 7.4.16
5:38:50 PM  [main] 	Control Panel Version: 3.2.4  [ Compiled: Jun 5th 2019 ]
5:38:50 PM  [main] 	You are not running with administrator rights! This will work for
5:38:50 PM  [main] 	most application stuff but whenever you do something with services
5:38:50 PM  [main] 	there will be a security dialogue or things will break! So think 
5:38:50 PM  [main] 	about running this application with administrator rights!
5:38:50 PM  [main] 	XAMPP Installation Directory: "c:\xampp\"
5:38:50 PM  [main] 	Checking for prerequisites
5:38:52 PM  [main] 	All prerequisites found
5:38:52 PM  [main] 	Initializing Modules
5:38:52 PM  [main] 	Starting Check-Timer
5:38:52 PM  [main] 	Control Panel Ready
2:59:38 PM  [main] 	Deinitializing Modules
2:59:38 PM  [main] 	Deinitializing Control Panel

