::1 - - [21/Apr/2021:18:02:14 -0500] "GET /phpmyadmin/ HTTP/1.1" 200 15738 "-" "Mozilla/5.0 (Windows NT 10.0; Win64; x64) AppleWebKit/537.36 (KHTML, like Gecko) Chrome/90.0.4430.85 Safari/537.36"
::1 - - [21/Apr/2021:18:02:27 -0500] "GET /phpmyadmin/themes/pmahomme/jquery/jquery-ui.css HTTP/1.1" 200 36566 "-" "Mozilla/5.0 (Windows NT 10.0; Win64; x64) AppleWebKit/537.36 (KHTML, like Gecko) Chrome/90.0.4430.85 Safari/537.36"
::1 - - [21/Apr/2021:18:02:27 -0500] "GET /phpmyadmin/js/vendor/codemirror/addon/hint/show-hint.css?v=5.1.0 HTTP/1.1" 200 623 "-" "Mozilla/5.0 (Windows NT 10.0; Win64; x64) AppleWebKit/537.36 (KHTML, like Gecko) Chrome/90.0.4430.85 Safari/537.36"
::1 - - [21/Apr/2021:18:02:27 -0500] "GET /phpmyadmin/js/vendor/jquery/jquery-migrate.js?v=5.1.0 HTTP/1.1" 200 25300 "-" "Mozilla/5.0 (Windows NT 10.0; Win64; x64) AppleWebKit/537.36 (KHTML, like Gecko) Chrome/90.0.4430.85 Safari/537.36"
::1 - - [21/Apr/2021:18:02:27 -0500] "GET /phpmyadmin/js/vendor/codemirror/lib/codemirror.css?v=5.1.0 HTTP/1.1" 200 8728 "-" "Mozilla/5.0 (Windows NT 10.0; Win64; x64) AppleWebKit/537.36 (KHTML, like Gecko) Chrome/90.0.4430.85 Safari/537.36"
::1 - - [21/Apr/2021:18:02:27 -0500] "GET /phpmyadmin/themes/pmahomme/css/theme.css?v=5.1.0&nocache=6247129122ltr&server=1 HTTP/1.1" 200 214806 "-" "Mozilla/5.0 (Windows NT 10.0; Win64; x64) AppleWebKit/537.36 (KHTML, like Gecko) Chrome/90.0.4430.85 Safari/537.36"
::1 - - [21/Apr/2021:18:02:27 -0500] "GET /phpmyadmin/js/vendor/jquery/jquery.min.js?v=5.1.0 HTTP/1.1" 200 89476 "-" "Mozilla/5.0 (Windows NT 10.0; Win64; x64) AppleWebKit/537.36 (KHTML, like Gecko) Chrome/90.0.4430.85 Safari/537.36"
::1 - - [21/Apr/2021:18:02:27 -0500] "GET /phpmyadmin/js/vendor/sprintf.js?v=5.1.0 HTTP/1.1" 200 7409 "-" "Mozilla/5.0 (Windows NT 10.0; Win64; x64) AppleWebKit/537.36 (KHTML, like Gecko) Chrome/90.0.4430.85 Safari/537.36"
::1 - - [21/Apr/2021:18:02:27 -0500] "GET /phpmyadmin/js/vendor/codemirror/addon/lint/lint.css?v=5.1.0 HTTP/1.1" 200 2878 "-" "Mozilla/5.0 (Windows NT 10.0; Win64; x64) AppleWebKit/537.36 (KHTML, like Gecko) Chrome/90.0.4430.85 Safari/537.36"
::1 - - [21/Apr/2021:18:02:27 -0500] "GET /phpmyadmin/js/dist/keyhandler.js?v=5.1.0 HTTP/1.1" 200 3003 "-" "Mozilla/5.0 (Windows NT 10.0; Win64; x64) AppleWebKit/537.36 (KHTML, like Gecko) Chrome/90.0.4430.85 Safari/537.36"
::1 - - [21/Apr/2021:18:02:27 -0500] "GET /phpmyadmin/js/dist/ajax.js?v=5.1.0 HTTP/1.1" 200 31313 "-" "Mozilla/5.0 (Windows NT 10.0; Win64; x64) AppleWebKit/537.36 (KHTML, like Gecko) Chrome/90.0.4430.85 Safari/537.36"
::1 - - [21/Apr/2021:18:02:27 -0500] "GET /phpmyadmin/js/vendor/js.cookie.js?v=5.1.0 HTTP/1.1" 200 3883 "-" "Mozilla/5.0 (Windows NT 10.0; Win64; x64) AppleWebKit/537.36 (KHTML, like Gecko) Chrome/90.0.4430.85 Safari/537.36"
::1 - - [21/Apr/2021:18:02:27 -0500] "GET /phpmyadmin/js/vendor/jquery/jquery.mousewheel.js?v=5.1.0 HTTP/1.1" 200 8267 "-" "Mozilla/5.0 (Windows NT 10.0; Win64; x64) AppleWebKit/537.36 (KHTML, like Gecko) Chrome/90.0.4430.85 Safari/537.36"
::1 - - [21/Apr/2021:18:02:27 -0500] "GET /phpmyadmin/js/vendor/jquery/jquery.event.drag-2.2.js?v=5.1.0 HTTP/1.1" 200 13469 "-" "Mozilla/5.0 (Windows NT 10.0; Win64; x64) AppleWebKit/537.36 (KHTML, like Gecko) Chrome/90.0.4430.85 Safari/537.36"
::1 - - [21/Apr/2021:18:02:27 -0500] "GET /phpmyadmin/js/vendor/jquery/jquery-ui.min.js?v=5.1.0 HTTP/1.1" 200 253669 "-" "Mozilla/5.0 (Windows NT 10.0; Win64; x64) AppleWebKit/537.36 (KHTML, like Gecko) Chrome/90.0.4430.85 Safari/537.36"
::1 - - [21/Apr/2021:18:02:27 -0500] "GET /phpmyadmin/js/vendor/bootstrap/bootstrap.bundle.min.js?v=5.1.0 HTTP/1.1" 200 84152 "-" "Mozilla/5.0 (Windows NT 10.0; Win64; x64) AppleWebKit/537.36 (KHTML, like Gecko) Chrome/90.0.4430.85 Safari/537.36"
::1 - - [21/Apr/2021:18:02:27 -0500] "GET /phpmyadmin/js/vendor/jquery/jquery.validate.js?v=5.1.0 HTTP/1.1" 200 50963 "-" "Mozilla/5.0 (Windows NT 10.0; Win64; x64) AppleWebKit/537.36 (KHTML, like Gecko) Chrome/90.0.4430.85 Safari/537.36"
::1 - - [21/Apr/2021:18:02:28 -0500] "GET /phpmyadmin/js/vendor/jquery/jquery.ba-hashchange-2.0.js?v=5.1.0 HTTP/1.1" 200 10505 "-" "Mozilla/5.0 (Windows NT 10.0; Win64; x64) AppleWebKit/537.36 (KHTML, like Gecko) Chrome/90.0.4430.85 Safari/537.36"
::1 - - [21/Apr/2021:18:02:28 -0500] "GET /phpmyadmin/js/vendor/jquery/jquery-ui-timepicker-addon.js?v=5.1.0 HTTP/1.1" 200 78475 "-" "Mozilla/5.0 (Windows NT 10.0; Win64; x64) AppleWebKit/537.36 (KHTML, like Gecko) Chrome/90.0.4430.85 Safari/537.36"
::1 - - [21/Apr/2021:18:02:28 -0500] "GET /phpmyadmin/js/vendor/jquery/jquery.debounce-1.0.6.js?v=5.1.0 HTTP/1.1" 200 1608 "-" "Mozilla/5.0 (Windows NT 10.0; Win64; x64) AppleWebKit/537.36 (KHTML, like Gecko) Chrome/90.0.4430.85 Safari/537.36"
::1 - - [21/Apr/2021:18:02:28 -0500] "GET /phpmyadmin/js/dist/menu_resizer.js?v=5.1.0 HTTP/1.1" 200 5644 "-" "Mozilla/5.0 (Windows NT 10.0; Win64; x64) AppleWebKit/537.36 (KHTML, like Gecko) Chrome/90.0.4430.85 Safari/537.36"
::1 - - [21/Apr/2021:18:02:28 -0500] "GET /phpmyadmin/js/dist/cross_framing_protection.js?v=5.1.0 HTTP/1.1" 200 419 "-" "Mozilla/5.0 (Windows NT 10.0; Win64; x64) AppleWebKit/537.36 (KHTML, like Gecko) Chrome/90.0.4430.85 Safari/537.36"
::1 - - [21/Apr/2021:18:02:28 -0500] "GET /phpmyadmin/js/dist/rte.js?v=5.1.0 HTTP/1.1" 200 39947 "-" "Mozilla/5.0 (Windows NT 10.0; Win64; x64) AppleWebKit/537.36 (KHTML, like Gecko) Chrome/90.0.4430.85 Safari/537.36"
::1 - - [21/Apr/2021:18:02:28 -0500] "GET /phpmyadmin/js/dist/error_report.js?v=5.1.0 HTTP/1.1" 200 9621 "-" "Mozilla/5.0 (Windows NT 10.0; Win64; x64) AppleWebKit/537.36 (KHTML, like Gecko) Chrome/90.0.4430.85 Safari/537.36"
::1 - - [21/Apr/2021:18:02:28 -0500] "GET /phpmyadmin/js/vendor/tracekit.js?v=5.1.0 HTTP/1.1" 200 45389 "-" "Mozilla/5.0 (Windows NT 10.0; Win64; x64) AppleWebKit/537.36 (KHTML, like Gecko) Chrome/90.0.4430.85 Safari/537.36"
::1 - - [21/Apr/2021:18:02:28 -0500] "GET /phpmyadmin/js/dist/navigation.js?v=5.1.0 HTTP/1.1" 200 53993 "-" "Mozilla/5.0 (Windows NT 10.0; Win64; x64) AppleWebKit/537.36 (KHTML, like Gecko) Chrome/90.0.4430.85 Safari/537.36"
::1 - - [21/Apr/2021:18:02:28 -0500] "GET /phpmyadmin/js/dist/indexes.js?v=5.1.0 HTTP/1.1" 200 26344 "-" "Mozilla/5.0 (Windows NT 10.0; Win64; x64) AppleWebKit/537.36 (KHTML, like Gecko) Chrome/90.0.4430.85 Safari/537.36"
::1 - - [21/Apr/2021:18:02:28 -0500] "GET /phpmyadmin/js/dist/config.js?v=5.1.0 HTTP/1.1" 200 24956 "-" "Mozilla/5.0 (Windows NT 10.0; Win64; x64) AppleWebKit/537.36 (KHTML, like Gecko) Chrome/90.0.4430.85 Safari/537.36"
::1 - - [21/Apr/2021:18:02:28 -0500] "GET /phpmyadmin/js/dist/functions.js?v=5.1.0 HTTP/1.1" 200 161199 "-" "Mozilla/5.0 (Windows NT 10.0; Win64; x64) AppleWebKit/537.36 (KHTML, like Gecko) Chrome/90.0.4430.85 Safari/537.36"
::1 - - [21/Apr/2021:18:02:28 -0500] "GET /phpmyadmin/js/dist/common.js?v=5.1.0 HTTP/1.1" 200 4367 "-" "Mozilla/5.0 (Windows NT 10.0; Win64; x64) AppleWebKit/537.36 (KHTML, like Gecko) Chrome/90.0.4430.85 Safari/537.36"
::1 - - [21/Apr/2021:18:02:28 -0500] "GET /phpmyadmin/js/dist/drag_drop_import.js?v=5.1.0 HTTP/1.1" 200 12308 "-" "Mozilla/5.0 (Windows NT 10.0; Win64; x64) AppleWebKit/537.36 (KHTML, like Gecko) Chrome/90.0.4430.85 Safari/537.36"
::1 - - [21/Apr/2021:18:02:28 -0500] "GET /phpmyadmin/js/dist/doclinks.js?v=5.1.0 HTTP/1.1" 200 18275 "-" "Mozilla/5.0 (Windows NT 10.0; Win64; x64) AppleWebKit/537.36 (KHTML, like Gecko) Chrome/90.0.4430.85 Safari/537.36"
::1 - - [21/Apr/2021:18:02:28 -0500] "GET /phpmyadmin/js/dist/page_settings.js?v=5.1.0 HTTP/1.1" 200 1568 "-" "Mozilla/5.0 (Windows NT 10.0; Win64; x64) AppleWebKit/537.36 (KHTML, like Gecko) Chrome/90.0.4430.85 Safari/537.36"
::1 - - [21/Apr/2021:18:02:28 -0500] "GET /phpmyadmin/js/dist/shortcuts_handler.js?v=5.1.0 HTTP/1.1" 200 3306 "-" "Mozilla/5.0 (Windows NT 10.0; Win64; x64) AppleWebKit/537.36 (KHTML, like Gecko) Chrome/90.0.4430.85 Safari/537.36"
::1 - - [21/Apr/2021:18:02:28 -0500] "GET /phpmyadmin/js/vendor/codemirror/mode/sql/sql.js?v=5.1.0 HTTP/1.1" 200 47998 "-" "Mozilla/5.0 (Windows NT 10.0; Win64; x64) AppleWebKit/537.36 (KHTML, like Gecko) Chrome/90.0.4430.85 Safari/537.36"
::1 - - [21/Apr/2021:18:02:28 -0500] "GET /phpmyadmin/js/vendor/codemirror/addon/hint/show-hint.js?v=5.1.0 HTTP/1.1" 200 18948 "-" "Mozilla/5.0 (Windows NT 10.0; Win64; x64) AppleWebKit/537.36 (KHTML, like Gecko) Chrome/90.0.4430.85 Safari/537.36"
::1 - - [21/Apr/2021:18:02:28 -0500] "GET /phpmyadmin/js/vendor/codemirror/addon/runmode/runmode.js?v=5.1.0 HTTP/1.1" 200 2767 "-" "Mozilla/5.0 (Windows NT 10.0; Win64; x64) AppleWebKit/537.36 (KHTML, like Gecko) Chrome/90.0.4430.85 Safari/537.36"
::1 - - [21/Apr/2021:18:02:28 -0500] "GET /phpmyadmin/js/vendor/codemirror/addon/hint/sql-hint.js?v=5.1.0 HTTP/1.1" 200 9604 "-" "Mozilla/5.0 (Windows NT 10.0; Win64; x64) AppleWebKit/537.36 (KHTML, like Gecko) Chrome/90.0.4430.85 Safari/537.36"
::1 - - [21/Apr/2021:18:02:28 -0500] "GET /phpmyadmin/js/dist/codemirror/addon/lint/sql-lint.js?v=5.1.0 HTTP/1.1" 200 959 "-" "Mozilla/5.0 (Windows NT 10.0; Win64; x64) AppleWebKit/537.36 (KHTML, like Gecko) Chrome/90.0.4430.85 Safari/537.36"
::1 - - [21/Apr/2021:18:02:28 -0500] "GET /phpmyadmin/js/vendor/codemirror/addon/lint/lint.js?v=5.1.0 HTTP/1.1" 200 9125 "-" "Mozilla/5.0 (Windows NT 10.0; Win64; x64) AppleWebKit/537.36 (KHTML, like Gecko) Chrome/90.0.4430.85 Safari/537.36"
::1 - - [21/Apr/2021:18:02:28 -0500] "GET /phpmyadmin/js/dist/console.js?v=5.1.0 HTTP/1.1" 200 49656 "-" "Mozilla/5.0 (Windows NT 10.0; Win64; x64) AppleWebKit/537.36 (KHTML, like Gecko) Chrome/90.0.4430.85 Safari/537.36"
::1 - - [21/Apr/2021:18:02:28 -0500] "GET /phpmyadmin/js/vendor/codemirror/lib/codemirror.js?v=5.1.0 HTTP/1.1" 200 398241 "-" "Mozilla/5.0 (Windows NT 10.0; Win64; x64) AppleWebKit/537.36 (KHTML, like Gecko) Chrome/90.0.4430.85 Safari/537.36"
::1 - - [21/Apr/2021:18:02:28 -0500] "GET /phpmyadmin/themes/pmahomme/img/logo_left.png HTTP/1.1" 200 2713 "-" "Mozilla/5.0 (Windows NT 10.0; Win64; x64) AppleWebKit/537.36 (KHTML, like Gecko) Chrome/90.0.4430.85 Safari/537.36"
::1 - - [21/Apr/2021:18:02:28 -0500] "GET /phpmyadmin/themes/dot.gif HTTP/1.1" 200 43 "-" "Mozilla/5.0 (Windows NT 10.0; Win64; x64) AppleWebKit/537.36 (KHTML, like Gecko) Chrome/90.0.4430.85 Safari/537.36"
::1 - - [21/Apr/2021:18:02:28 -0500] "GET /phpmyadmin/themes/pmahomme/css/printview.css?v=5.1.0 HTTP/1.1" 200 1392 "-" "Mozilla/5.0 (Windows NT 10.0; Win64; x64) AppleWebKit/537.36 (KHTML, like Gecko) Chrome/90.0.4430.85 Safari/537.36"
::1 - - [21/Apr/2021:18:02:28 -0500] "GET /phpmyadmin/js/messages.php?l=en&v=5.1.0&lang=en HTTP/1.1" 200 7827 "-" "Mozilla/5.0 (Windows NT 10.0; Win64; x64) AppleWebKit/537.36 (KHTML, like Gecko) Chrome/90.0.4430.85 Safari/537.36"
::1 - - [21/Apr/2021:18:02:29 -0500] "GET /phpmyadmin/themes/pmahomme/img/s_loggoff.png HTTP/1.1" 200 626 "http://localhost/phpmyadmin/themes/pmahomme/css/theme.css?v=5.1.0&nocache=6247129122ltr&server=1" "Mozilla/5.0 (Windows NT 10.0; Win64; x64) AppleWebKit/537.36 (KHTML, like Gecko) Chrome/90.0.4430.85 Safari/537.36"
::1 - - [21/Apr/2021:18:02:29 -0500] "GET /phpmyadmin/themes/pmahomme/img/left_nav_bg.png HTTP/1.1" 200 146 "http://localhost/phpmyadmin/themes/pmahomme/css/theme.css?v=5.1.0&nocache=6247129122ltr&server=1" "Mozilla/5.0 (Windows NT 10.0; Win64; x64) AppleWebKit/537.36 (KHTML, like Gecko) Chrome/90.0.4430.85 Safari/537.36"
::1 - - [21/Apr/2021:18:02:29 -0500] "GET /phpmyadmin/themes/pmahomme/img/b_sqlhelp.png HTTP/1.1" 200 512 "http://localhost/phpmyadmin/themes/pmahomme/css/theme.css?v=5.1.0&nocache=6247129122ltr&server=1" "Mozilla/5.0 (Windows NT 10.0; Win64; x64) AppleWebKit/537.36 (KHTML, like Gecko) Chrome/90.0.4430.85 Safari/537.36"
::1 - - [21/Apr/2021:18:02:29 -0500] "GET /phpmyadmin/themes/pmahomme/img/b_home.png HTTP/1.1" 200 734 "http://localhost/phpmyadmin/themes/pmahomme/css/theme.css?v=5.1.0&nocache=6247129122ltr&server=1" "Mozilla/5.0 (Windows NT 10.0; Win64; x64) AppleWebKit/537.36 (KHTML, like Gecko) Chrome/90.0.4430.85 Safari/537.36"
::1 - - [21/Apr/2021:18:02:29 -0500] "GET /phpmyadmin/themes/pmahomme/img/s_cog.png HTTP/1.1" 200 442 "http://localhost/phpmyadmin/themes/pmahomme/css/theme.css?v=5.1.0&nocache=6247129122ltr&server=1" "Mozilla/5.0 (Windows NT 10.0; Win64; x64) AppleWebKit/537.36 (KHTML, like Gecko) Chrome/90.0.4430.85 Safari/537.36"
::1 - - [21/Apr/2021:18:02:29 -0500] "GET /phpmyadmin/themes/pmahomme/img/b_newdb.png HTTP/1.1" 200 585 "http://localhost/phpmyadmin/themes/pmahomme/css/theme.css?v=5.1.0&nocache=6247129122ltr&server=1" "Mozilla/5.0 (Windows NT 10.0; Win64; x64) AppleWebKit/537.36 (KHTML, like Gecko) Chrome/90.0.4430.85 Safari/537.36"
::1 - - [21/Apr/2021:18:02:29 -0500] "GET /phpmyadmin/themes/pmahomme/img/s_link.png HTTP/1.1" 200 280 "http://localhost/phpmyadmin/themes/pmahomme/css/theme.css?v=5.1.0&nocache=6247129122ltr&server=1" "Mozilla/5.0 (Windows NT 10.0; Win64; x64) AppleWebKit/537.36 (KHTML, like Gecko) Chrome/90.0.4430.85 Safari/537.36"
::1 - - [21/Apr/2021:18:02:29 -0500] "GET /phpmyadmin/themes/pmahomme/img/b_plus.png HTTP/1.1" 200 143 "http://localhost/phpmyadmin/themes/pmahomme/css/theme.css?v=5.1.0&nocache=6247129122ltr&server=1" "Mozilla/5.0 (Windows NT 10.0; Win64; x64) AppleWebKit/537.36 (KHTML, like Gecko) Chrome/90.0.4430.85 Safari/537.36"
::1 - - [21/Apr/2021:18:02:29 -0500] "GET /phpmyadmin/themes/pmahomme/img/s_reload.png HTTP/1.1" 200 527 "http://localhost/phpmyadmin/themes/pmahomme/css/theme.css?v=5.1.0&nocache=6247129122ltr&server=1" "Mozilla/5.0 (Windows NT 10.0; Win64; x64) AppleWebKit/537.36 (KHTML, like Gecko) Chrome/90.0.4430.85 Safari/537.36"
::1 - - [21/Apr/2021:18:02:29 -0500] "GET /phpmyadmin/themes/pmahomme/img/b_docs.png HTTP/1.1" 200 705 "http://localhost/phpmyadmin/themes/pmahomme/css/theme.css?v=5.1.0&nocache=6247129122ltr&server=1" "Mozilla/5.0 (Windows NT 10.0; Win64; x64) AppleWebKit/537.36 (KHTML, like Gecko) Chrome/90.0.4430.85 Safari/537.36"
::1 - - [21/Apr/2021:18:02:29 -0500] "GET /phpmyadmin/themes/pmahomme/img/s_db.png HTTP/1.1" 200 328 "http://localhost/phpmyadmin/themes/pmahomme/css/theme.css?v=5.1.0&nocache=6247129122ltr&server=1" "Mozilla/5.0 (Windows NT 10.0; Win64; x64) AppleWebKit/537.36 (KHTML, like Gecko) Chrome/90.0.4430.85 Safari/537.36"
::1 - - [21/Apr/2021:18:02:29 -0500] "GET /phpmyadmin/themes/pmahomme/img/s_status.png HTTP/1.1" 200 600 "http://localhost/phpmyadmin/themes/pmahomme/css/theme.css?v=5.1.0&nocache=6247129122ltr&server=1" "Mozilla/5.0 (Windows NT 10.0; Win64; x64) AppleWebKit/537.36 (KHTML, like Gecko) Chrome/90.0.4430.85 Safari/537.36"
::1 - - [21/Apr/2021:18:02:29 -0500] "GET /phpmyadmin/themes/pmahomme/img/s_rights.png HTTP/1.1" 200 461 "http://localhost/phpmyadmin/themes/pmahomme/css/theme.css?v=5.1.0&nocache=6247129122ltr&server=1" "Mozilla/5.0 (Windows NT 10.0; Win64; x64) AppleWebKit/537.36 (KHTML, like Gecko) Chrome/90.0.4430.85 Safari/537.36"
::1 - - [21/Apr/2021:18:02:29 -0500] "GET /phpmyadmin/themes/pmahomme/img/b_export.png HTTP/1.1" 200 514 "http://localhost/phpmyadmin/themes/pmahomme/css/theme.css?v=5.1.0&nocache=6247129122ltr&server=1" "Mozilla/5.0 (Windows NT 10.0; Win64; x64) AppleWebKit/537.36 (KHTML, like Gecko) Chrome/90.0.4430.85 Safari/537.36"
::1 - - [21/Apr/2021:18:02:29 -0500] "GET /phpmyadmin/themes/pmahomme/img/s_host.png HTTP/1.1" 200 591 "http://localhost/phpmyadmin/themes/pmahomme/css/theme.css?v=5.1.0&nocache=6247129122ltr&server=1" "Mozilla/5.0 (Windows NT 10.0; Win64; x64) AppleWebKit/537.36 (KHTML, like Gecko) Chrome/90.0.4430.85 Safari/537.36"
::1 - - [21/Apr/2021:18:02:29 -0500] "GET /phpmyadmin/themes/pmahomme/img/b_import.png HTTP/1.1" 200 556 "http://localhost/phpmyadmin/themes/pmahomme/css/theme.css?v=5.1.0&nocache=6247129122ltr&server=1" "Mozilla/5.0 (Windows NT 10.0; Win64; x64) AppleWebKit/537.36 (KHTML, like Gecko) Chrome/90.0.4430.85 Safari/537.36"
::1 - - [21/Apr/2021:18:02:29 -0500] "GET /phpmyadmin/themes/pmahomme/img/b_sql.png HTTP/1.1" 200 680 "http://localhost/phpmyadmin/themes/pmahomme/css/theme.css?v=5.1.0&nocache=6247129122ltr&server=1" "Mozilla/5.0 (Windows NT 10.0; Win64; x64) AppleWebKit/537.36 (KHTML, like Gecko) Chrome/90.0.4430.85 Safari/537.36"
::1 - - [21/Apr/2021:18:02:29 -0500] "GET /phpmyadmin/themes/pmahomme/img/s_vars.png HTTP/1.1" 200 523 "http://localhost/phpmyadmin/themes/pmahomme/css/theme.css?v=5.1.0&nocache=6247129122ltr&server=1" "Mozilla/5.0 (Windows NT 10.0; Win64; x64) AppleWebKit/537.36 (KHTML, like Gecko) Chrome/90.0.4430.85 Safari/537.36"
::1 - - [21/Apr/2021:18:02:29 -0500] "GET /phpmyadmin/themes/pmahomme/img/b_engine.png HTTP/1.1" 200 398 "http://localhost/phpmyadmin/themes/pmahomme/css/theme.css?v=5.1.0&nocache=6247129122ltr&server=1" "Mozilla/5.0 (Windows NT 10.0; Win64; x64) AppleWebKit/537.36 (KHTML, like Gecko) Chrome/90.0.4430.85 Safari/537.36"
::1 - - [21/Apr/2021:18:02:29 -0500] "GET /phpmyadmin/themes/pmahomme/img/s_top.png HTTP/1.1" 200 220 "http://localhost/phpmyadmin/themes/pmahomme/css/theme.css?v=5.1.0&nocache=6247129122ltr&server=1" "Mozilla/5.0 (Windows NT 10.0; Win64; x64) AppleWebKit/537.36 (KHTML, like Gecko) Chrome/90.0.4430.85 Safari/537.36"
::1 - - [21/Apr/2021:18:02:29 -0500] "GET /phpmyadmin/themes/pmahomme/img/console.png HTTP/1.1" 200 292 "http://localhost/phpmyadmin/themes/pmahomme/css/theme.css?v=5.1.0&nocache=6247129122ltr&server=1" "Mozilla/5.0 (Windows NT 10.0; Win64; x64) AppleWebKit/537.36 (KHTML, like Gecko) Chrome/90.0.4430.85 Safari/537.36"
::1 - - [21/Apr/2021:18:02:29 -0500] "GET /phpmyadmin/themes/pmahomme/img/s_asci.png HTTP/1.1" 200 148 "http://localhost/phpmyadmin/themes/pmahomme/css/theme.css?v=5.1.0&nocache=6247129122ltr&server=1" "Mozilla/5.0 (Windows NT 10.0; Win64; x64) AppleWebKit/537.36 (KHTML, like Gecko) Chrome/90.0.4430.85 Safari/537.36"
::1 - - [21/Apr/2021:18:02:29 -0500] "GET /phpmyadmin/themes/pmahomme/img/b_tblops.png HTTP/1.1" 200 537 "http://localhost/phpmyadmin/themes/pmahomme/css/theme.css?v=5.1.0&nocache=6247129122ltr&server=1" "Mozilla/5.0 (Windows NT 10.0; Win64; x64) AppleWebKit/537.36 (KHTML, like Gecko) Chrome/90.0.4430.85 Safari/537.36"
::1 - - [21/Apr/2021:18:02:29 -0500] "GET /phpmyadmin/themes/pmahomme/img/s_lang.png HTTP/1.1" 200 659 "http://localhost/phpmyadmin/themes/pmahomme/css/theme.css?v=5.1.0&nocache=6247129122ltr&server=1" "Mozilla/5.0 (Windows NT 10.0; Win64; x64) AppleWebKit/537.36 (KHTML, like Gecko) Chrome/90.0.4430.85 Safari/537.36"
::1 - - [21/Apr/2021:18:02:29 -0500] "GET /phpmyadmin/themes/pmahomme/img/s_theme.png HTTP/1.1" 200 772 "http://localhost/phpmyadmin/themes/pmahomme/css/theme.css?v=5.1.0&nocache=6247129122ltr&server=1" "Mozilla/5.0 (Windows NT 10.0; Win64; x64) AppleWebKit/537.36 (KHTML, like Gecko) Chrome/90.0.4430.85 Safari/537.36"
::1 - - [21/Apr/2021:18:02:29 -0500] "GET /phpmyadmin/themes/pmahomme/img/b_help.png HTTP/1.1" 200 705 "http://localhost/phpmyadmin/themes/pmahomme/css/theme.css?v=5.1.0&nocache=6247129122ltr&server=1" "Mozilla/5.0 (Windows NT 10.0; Win64; x64) AppleWebKit/537.36 (KHTML, like Gecko) Chrome/90.0.4430.85 Safari/537.36"
::1 - - [21/Apr/2021:18:02:29 -0500] "GET /phpmyadmin/themes/pmahomme/img/window-new.png HTTP/1.1" 200 468 "http://localhost/phpmyadmin/themes/pmahomme/css/theme.css?v=5.1.0&nocache=6247129122ltr&server=1" "Mozilla/5.0 (Windows NT 10.0; Win64; x64) AppleWebKit/537.36 (KHTML, like Gecko) Chrome/90.0.4430.85 Safari/537.36"
::1 - - [21/Apr/2021:18:02:29 -0500] "GET /phpmyadmin/themes/pmahomme/img/s_replication.png HTTP/1.1" 200 399 "http://localhost/phpmyadmin/themes/pmahomme/css/theme.css?v=5.1.0&nocache=6247129122ltr&server=1" "Mozilla/5.0 (Windows NT 10.0; Win64; x64) AppleWebKit/537.36 (KHTML, like Gecko) Chrome/90.0.4430.85 Safari/537.36"
::1 - - [21/Apr/2021:18:02:29 -0500] "GET /phpmyadmin/themes/pmahomme/img/b_plugin.png HTTP/1.1" 200 512 "http://localhost/phpmyadmin/themes/pmahomme/css/theme.css?v=5.1.0&nocache=6247129122ltr&server=1" "Mozilla/5.0 (Windows NT 10.0; Win64; x64) AppleWebKit/537.36 (KHTML, like Gecko) Chrome/90.0.4430.85 Safari/537.36"
::1 - - [21/Apr/2021:18:02:29 -0500] "POST /phpmyadmin/index.php?route=/config/get HTTP/1.1" 200 1565 "-" "Mozilla/5.0 (Windows NT 10.0; Win64; x64) AppleWebKit/537.36 (KHTML, like Gecko) Chrome/90.0.4430.85 Safari/537.36"
::1 - - [21/Apr/2021:18:02:30 -0500] "GET /phpmyadmin/themes/pmahomme/img/b_more.png HTTP/1.1" 200 111 "http://localhost/phpmyadmin/themes/pmahomme/css/theme.css?v=5.1.0&nocache=6247129122ltr&server=1" "Mozilla/5.0 (Windows NT 10.0; Win64; x64) AppleWebKit/537.36 (KHTML, like Gecko) Chrome/90.0.4430.85 Safari/537.36"
::1 - - [21/Apr/2021:18:02:30 -0500] "GET /phpmyadmin/favicon.ico HTTP/1.1" 200 22486 "-" "Mozilla/5.0 (Windows NT 10.0; Win64; x64) AppleWebKit/537.36 (KHTML, like Gecko) Chrome/90.0.4430.85 Safari/537.36"
::1 - - [21/Apr/2021:18:02:30 -0500] "POST /phpmyadmin/index.php?route=/config/get HTTP/1.1" 200 1655 "-" "Mozilla/5.0 (Windows NT 10.0; Win64; x64) AppleWebKit/537.36 (KHTML, like Gecko) Chrome/90.0.4430.85 Safari/537.36"
::1 - - [21/Apr/2021:18:02:30 -0500] "POST /phpmyadmin/index.php?route=/database/structure/favorite-table&ajax_request=1&favorite_table=1&sync_favorite_tables=1&lang=en HTTP/1.1" 200 155 "-" "Mozilla/5.0 (Windows NT 10.0; Win64; x64) AppleWebKit/537.36 (KHTML, like Gecko) Chrome/90.0.4430.85 Safari/537.36"
::1 - - [21/Apr/2021:18:02:30 -0500] "POST /phpmyadmin/index.php?route=/version-check HTTP/1.1" 200 64 "-" "Mozilla/5.0 (Windows NT 10.0; Win64; x64) AppleWebKit/537.36 (KHTML, like Gecko) Chrome/90.0.4430.85 Safari/537.36"
::1 - - [21/Apr/2021:18:02:30 -0500] "POST /phpmyadmin/index.php?route=/navigation&ajax_request=1 HTTP/1.1" 200 2265 "-" "Mozilla/5.0 (Windows NT 10.0; Win64; x64) AppleWebKit/537.36 (KHTML, like Gecko) Chrome/90.0.4430.85 Safari/537.36"
::1 - - [21/Apr/2021:18:02:31 -0500] "POST /phpmyadmin/index.php?route=/config/set HTTP/1.1" 200 1556 "-" "Mozilla/5.0 (Windows NT 10.0; Win64; x64) AppleWebKit/537.36 (KHTML, like Gecko) Chrome/90.0.4430.85 Safari/537.36"
::1 - - [21/Apr/2021:18:03:14 -0500] "GET /phpmyadmin/themes/pmahomme/img/ajax_clock_small.gif HTTP/1.1" 200 1810 "http://localhost/phpmyadmin/themes/pmahomme/css/theme.css?v=5.1.0&nocache=6247129122ltr&server=1" "Mozilla/5.0 (Windows NT 10.0; Win64; x64) AppleWebKit/537.36 (KHTML, like Gecko) Chrome/90.0.4430.85 Safari/537.36"
::1 - - [21/Apr/2021:18:03:14 -0500] "GET /phpmyadmin/index.php?route=/server/databases&server=1&ajax_request=true&ajax_page_request=true&_nocache=1619046194031748862&token=427031707b63463166472c594c2e7151 HTTP/1.1" 200 7566 "-" "Mozilla/5.0 (Windows NT 10.0; Win64; x64) AppleWebKit/537.36 (KHTML, like Gecko) Chrome/90.0.4430.85 Safari/537.36"
::1 - - [21/Apr/2021:18:03:15 -0500] "GET /phpmyadmin/themes/pmahomme/img/b_deltbl.png HTTP/1.1" 200 577 "http://localhost/phpmyadmin/themes/pmahomme/css/theme.css?v=5.1.0&nocache=6247129122ltr&server=1" "Mozilla/5.0 (Windows NT 10.0; Win64; x64) AppleWebKit/537.36 (KHTML, like Gecko) Chrome/90.0.4430.85 Safari/537.36"
::1 - - [21/Apr/2021:18:03:15 -0500] "GET /phpmyadmin/themes/pmahomme/img/s_asc.png HTTP/1.1" 200 146 "http://localhost/phpmyadmin/themes/pmahomme/css/theme.css?v=5.1.0&nocache=6247129122ltr&server=1" "Mozilla/5.0 (Windows NT 10.0; Win64; x64) AppleWebKit/537.36 (KHTML, like Gecko) Chrome/90.0.4430.85 Safari/537.36"
::1 - - [21/Apr/2021:18:03:15 -0500] "GET /phpmyadmin/themes/pmahomme/img/s_notice.png HTTP/1.1" 200 567 "http://localhost/phpmyadmin/themes/pmahomme/css/theme.css?v=5.1.0&nocache=6247129122ltr&server=1" "Mozilla/5.0 (Windows NT 10.0; Win64; x64) AppleWebKit/537.36 (KHTML, like Gecko) Chrome/90.0.4430.85 Safari/537.36"
::1 - - [21/Apr/2021:18:03:15 -0500] "GET /phpmyadmin/themes/pmahomme/img/arrow_ltr.png HTTP/1.1" 200 101 "-" "Mozilla/5.0 (Windows NT 10.0; Win64; x64) AppleWebKit/537.36 (KHTML, like Gecko) Chrome/90.0.4430.85 Safari/537.36"
::1 - - [21/Apr/2021:18:03:15 -0500] "GET /phpmyadmin/js/dist/server/databases.js?v=5.1.0 HTTP/1.1" 200 4917 "-" "Mozilla/5.0 (Windows NT 10.0; Win64; x64) AppleWebKit/537.36 (KHTML, like Gecko) Chrome/90.0.4430.85 Safari/537.36"
::1 - - [21/Apr/2021:18:07:31 -0500] "POST /phpmyadmin/index.php?route=/server/databases/create HTTP/1.1" 200 1970 "-" "Mozilla/5.0 (Windows NT 10.0; Win64; x64) AppleWebKit/537.36 (KHTML, like Gecko) Chrome/90.0.4430.85 Safari/537.36"
::1 - - [21/Apr/2021:18:07:31 -0500] "GET /phpmyadmin/themes/pmahomme/img/s_success.png HTTP/1.1" 200 465 "http://localhost/phpmyadmin/themes/pmahomme/css/theme.css?v=5.1.0&nocache=6247129122ltr&server=1" "Mozilla/5.0 (Windows NT 10.0; Win64; x64) AppleWebKit/537.36 (KHTML, like Gecko) Chrome/90.0.4430.85 Safari/537.36"
::1 - - [21/Apr/2021:18:07:31 -0500] "GET /phpmyadmin/index.php?route=/database/structure&db=naturepoints&ajax_request=true&ajax_page_request=true&_nocache=1619046451719853244&token=427031707b63463166472c594c2e7151 HTTP/1.1" 200 3006 "-" "Mozilla/5.0 (Windows NT 10.0; Win64; x64) AppleWebKit/537.36 (KHTML, like Gecko) Chrome/90.0.4430.85 Safari/537.36"
::1 - - [21/Apr/2021:18:07:32 -0500] "GET /phpmyadmin/themes/pmahomme/img/b_routines.png HTTP/1.1" 200 306 "http://localhost/phpmyadmin/themes/pmahomme/css/theme.css?v=5.1.0&nocache=6247129122ltr&server=1" "Mozilla/5.0 (Windows NT 10.0; Win64; x64) AppleWebKit/537.36 (KHTML, like Gecko) Chrome/90.0.4430.85 Safari/537.36"
::1 - - [21/Apr/2021:18:07:32 -0500] "GET /phpmyadmin/themes/pmahomme/img/b_search.png HTTP/1.1" 200 538 "http://localhost/phpmyadmin/themes/pmahomme/css/theme.css?v=5.1.0&nocache=6247129122ltr&server=1" "Mozilla/5.0 (Windows NT 10.0; Win64; x64) AppleWebKit/537.36 (KHTML, like Gecko) Chrome/90.0.4430.85 Safari/537.36"
::1 - - [21/Apr/2021:18:07:32 -0500] "GET /phpmyadmin/themes/pmahomme/img/b_triggers.png HTTP/1.1" 200 446 "http://localhost/phpmyadmin/themes/pmahomme/css/theme.css?v=5.1.0&nocache=6247129122ltr&server=1" "Mozilla/5.0 (Windows NT 10.0; Win64; x64) AppleWebKit/537.36 (KHTML, like Gecko) Chrome/90.0.4430.85 Safari/537.36"
::1 - - [21/Apr/2021:18:07:32 -0500] "GET /phpmyadmin/themes/pmahomme/img/b_props.png HTTP/1.1" 200 573 "http://localhost/phpmyadmin/themes/pmahomme/css/theme.css?v=5.1.0&nocache=6247129122ltr&server=1" "Mozilla/5.0 (Windows NT 10.0; Win64; x64) AppleWebKit/537.36 (KHTML, like Gecko) Chrome/90.0.4430.85 Safari/537.36"
::1 - - [21/Apr/2021:18:07:32 -0500] "GET /phpmyadmin/themes/pmahomme/img/b_events.png HTTP/1.1" 200 703 "http://localhost/phpmyadmin/themes/pmahomme/css/theme.css?v=5.1.0&nocache=6247129122ltr&server=1" "Mozilla/5.0 (Windows NT 10.0; Win64; x64) AppleWebKit/537.36 (KHTML, like Gecko) Chrome/90.0.4430.85 Safari/537.36"
::1 - - [21/Apr/2021:18:07:33 -0500] "GET /phpmyadmin/themes/pmahomme/img/eye.png HTTP/1.1" 200 663 "http://localhost/phpmyadmin/themes/pmahomme/css/theme.css?v=5.1.0&nocache=6247129122ltr&server=1" "Mozilla/5.0 (Windows NT 10.0; Win64; x64) AppleWebKit/537.36 (KHTML, like Gecko) Chrome/90.0.4430.85 Safari/537.36"
::1 - - [21/Apr/2021:18:07:33 -0500] "GET /phpmyadmin/themes/pmahomme/img/b_table_add.png HTTP/1.1" 200 571 "http://localhost/phpmyadmin/themes/pmahomme/css/theme.css?v=5.1.0&nocache=6247129122ltr&server=1" "Mozilla/5.0 (Windows NT 10.0; Win64; x64) AppleWebKit/537.36 (KHTML, like Gecko) Chrome/90.0.4430.85 Safari/537.36"
::1 - - [21/Apr/2021:18:07:33 -0500] "GET /phpmyadmin/themes/pmahomme/img/b_relations.png HTTP/1.1" 200 140 "http://localhost/phpmyadmin/themes/pmahomme/css/theme.css?v=5.1.0&nocache=6247129122ltr&server=1" "Mozilla/5.0 (Windows NT 10.0; Win64; x64) AppleWebKit/537.36 (KHTML, like Gecko) Chrome/90.0.4430.85 Safari/537.36"
::1 - - [21/Apr/2021:18:07:33 -0500] "GET /phpmyadmin/js/dist/table/change.js?v=5.1.0 HTTP/1.1" 200 28142 "-" "Mozilla/5.0 (Windows NT 10.0; Win64; x64) AppleWebKit/537.36 (KHTML, like Gecko) Chrome/90.0.4430.85 Safari/537.36"
::1 - - [21/Apr/2021:18:07:33 -0500] "GET /phpmyadmin/js/dist/database/structure.js?v=5.1.0 HTTP/1.1" 200 15661 "-" "Mozilla/5.0 (Windows NT 10.0; Win64; x64) AppleWebKit/537.36 (KHTML, like Gecko) Chrome/90.0.4430.85 Safari/537.36"
::1 - - [21/Apr/2021:18:07:33 -0500] "GET /phpmyadmin/themes/pmahomme/img/centralColumns.png HTTP/1.1" 200 586 "http://localhost/phpmyadmin/themes/pmahomme/css/theme.css?v=5.1.0&nocache=6247129122ltr&server=1" "Mozilla/5.0 (Windows NT 10.0; Win64; x64) AppleWebKit/537.36 (KHTML, like Gecko) Chrome/90.0.4430.85 Safari/537.36"
::1 - - [21/Apr/2021:18:07:31 -0500] "POST /phpmyadmin/index.php?route=/navigation&ajax_request=1 HTTP/1.1" 200 2309 "-" "Mozilla/5.0 (Windows NT 10.0; Win64; x64) AppleWebKit/537.36 (KHTML, like Gecko) Chrome/90.0.4430.85 Safari/537.36"
::1 - - [21/Apr/2021:18:07:33 -0500] "GET /phpmyadmin/index.php?route=/navigation&ajax_request=1&server=1&aPath=cm9vdA%3D%3D.bmF0dXJlcG9pbnRz&vPath=cm9vdA%3D%3D.bmF0dXJlcG9pbnRz&pos=0&searchClause=&searchClause2=&_nocache=1619046453651552388&token=427031707b63463166472c594c2e7151 HTTP/1.1" 200 1583 "-" "Mozilla/5.0 (Windows NT 10.0; Win64; x64) AppleWebKit/537.36 (KHTML, like Gecko) Chrome/90.0.4430.85 Safari/537.36"
::1 - - [21/Apr/2021:18:07:34 -0500] "GET /phpmyadmin/themes/pmahomme/img/b_minus.png HTTP/1.1" 200 123 "http://localhost/phpmyadmin/themes/pmahomme/css/theme.css?v=5.1.0&nocache=6247129122ltr&server=1" "Mozilla/5.0 (Windows NT 10.0; Win64; x64) AppleWebKit/537.36 (KHTML, like Gecko) Chrome/90.0.4430.85 Safari/537.36"
::1 - - [21/Apr/2021:18:08:10 -0500] "GET /phpmyadmin/themes/pmahomme/img/s_lock.png HTTP/1.1" 200 667 "http://localhost/phpmyadmin/themes/pmahomme/css/theme.css?v=5.1.0&nocache=6247129122ltr&server=1" "Mozilla/5.0 (Windows NT 10.0; Win64; x64) AppleWebKit/537.36 (KHTML, like Gecko) Chrome/90.0.4430.85 Safari/537.36"
::1 - - [21/Apr/2021:18:08:52 -0500] "POST /phpmyadmin/index.php?route=/table/create HTTP/1.1" 200 42679 "-" "Mozilla/5.0 (Windows NT 10.0; Win64; x64) AppleWebKit/537.36 (KHTML, like Gecko) Chrome/90.0.4430.85 Safari/537.36"
::1 - - [21/Apr/2021:18:08:56 -0500] "GET /phpmyadmin/themes/pmahomme/img/b_browse.png HTTP/1.1" 200 486 "http://localhost/phpmyadmin/themes/pmahomme/css/theme.css?v=5.1.0&nocache=6247129122ltr&server=1" "Mozilla/5.0 (Windows NT 10.0; Win64; x64) AppleWebKit/537.36 (KHTML, like Gecko) Chrome/90.0.4430.85 Safari/537.36"
::1 - - [21/Apr/2021:18:08:56 -0500] "GET /phpmyadmin/themes/pmahomme/img/b_tblexport.png HTTP/1.1" 200 514 "http://localhost/phpmyadmin/themes/pmahomme/css/theme.css?v=5.1.0&nocache=6247129122ltr&server=1" "Mozilla/5.0 (Windows NT 10.0; Win64; x64) AppleWebKit/537.36 (KHTML, like Gecko) Chrome/90.0.4430.85 Safari/537.36"
::1 - - [21/Apr/2021:18:08:56 -0500] "GET /phpmyadmin/themes/pmahomme/img/b_insrow.png HTTP/1.1" 200 157 "http://localhost/phpmyadmin/themes/pmahomme/css/theme.css?v=5.1.0&nocache=6247129122ltr&server=1" "Mozilla/5.0 (Windows NT 10.0; Win64; x64) AppleWebKit/537.36 (KHTML, like Gecko) Chrome/90.0.4430.85 Safari/537.36"
::1 - - [21/Apr/2021:18:08:56 -0500] "GET /phpmyadmin/themes/pmahomme/img/s_tbl.png HTTP/1.1" 200 645 "http://localhost/phpmyadmin/themes/pmahomme/css/theme.css?v=5.1.0&nocache=6247129122ltr&server=1" "Mozilla/5.0 (Windows NT 10.0; Win64; x64) AppleWebKit/537.36 (KHTML, like Gecko) Chrome/90.0.4430.85 Safari/537.36"
::1 - - [21/Apr/2021:18:08:56 -0500] "GET /phpmyadmin/themes/pmahomme/img/b_tblimport.png HTTP/1.1" 200 556 "http://localhost/phpmyadmin/themes/pmahomme/css/theme.css?v=5.1.0&nocache=6247129122ltr&server=1" "Mozilla/5.0 (Windows NT 10.0; Win64; x64) AppleWebKit/537.36 (KHTML, like Gecko) Chrome/90.0.4430.85 Safari/537.36"
::1 - - [21/Apr/2021:18:08:56 -0500] "GET /phpmyadmin/js/vendor/jquery/jquery.uitablefilter.js?v=5.1.0 HTTP/1.1" 200 3139 "-" "Mozilla/5.0 (Windows NT 10.0; Win64; x64) AppleWebKit/537.36 (KHTML, like Gecko) Chrome/90.0.4430.85 Safari/537.36"
::1 - - [21/Apr/2021:18:10:54 -0500] "POST /phpmyadmin/index.php?route=/table/indexes HTTP/1.1" 200 2942 "-" "Mozilla/5.0 (Windows NT 10.0; Win64; x64) AppleWebKit/537.36 (KHTML, like Gecko) Chrome/90.0.4430.85 Safari/537.36"
::1 - - [21/Apr/2021:18:10:55 -0500] "GET /phpmyadmin/themes/pmahomme/jquery/images/ui-bg_glass_75_e6e6e6_1x400.png HTTP/1.1" 200 121 "http://localhost/phpmyadmin/themes/pmahomme/jquery/jquery-ui.css" "Mozilla/5.0 (Windows NT 10.0; Win64; x64) AppleWebKit/537.36 (KHTML, like Gecko) Chrome/90.0.4430.85 Safari/537.36"
::1 - - [21/Apr/2021:18:10:55 -0500] "GET /phpmyadmin/themes/pmahomme/jquery/images/ui-icons_888888_256x240.png HTTP/1.1" 200 3765 "http://localhost/phpmyadmin/themes/pmahomme/jquery/jquery-ui.css" "Mozilla/5.0 (Windows NT 10.0; Win64; x64) AppleWebKit/537.36 (KHTML, like Gecko) Chrome/90.0.4430.85 Safari/537.36"
::1 - - [21/Apr/2021:18:10:55 -0500] "GET /phpmyadmin/themes/pmahomme/jquery/images/ui-bg_highlight-soft_75_cccccc_1x100.png HTTP/1.1" 200 122 "http://localhost/phpmyadmin/themes/pmahomme/jquery/jquery-ui.css" "Mozilla/5.0 (Windows NT 10.0; Win64; x64) AppleWebKit/537.36 (KHTML, like Gecko) Chrome/90.0.4430.85 Safari/537.36"
::1 - - [21/Apr/2021:18:10:55 -0500] "GET /phpmyadmin/themes/pmahomme/jquery/images/ui-icons_222222_256x240.png HTTP/1.1" 200 3765 "http://localhost/phpmyadmin/themes/pmahomme/jquery/jquery-ui.css" "Mozilla/5.0 (Windows NT 10.0; Win64; x64) AppleWebKit/537.36 (KHTML, like Gecko) Chrome/90.0.4430.85 Safari/537.36"
::1 - - [21/Apr/2021:18:10:55 -0500] "GET /phpmyadmin/themes/pmahomme/img/s_sortable.png HTTP/1.1" 200 204 "http://localhost/phpmyadmin/themes/pmahomme/css/theme.css?v=5.1.0&nocache=6247129122ltr&server=1" "Mozilla/5.0 (Windows NT 10.0; Win64; x64) AppleWebKit/537.36 (KHTML, like Gecko) Chrome/90.0.4430.85 Safari/537.36"
::1 - - [21/Apr/2021:18:12:15 -0500] "GET /phpmyadmin/themes/pmahomme/jquery/images/ui-bg_glass_75_dadada_1x400.png HTTP/1.1" 200 126 "http://localhost/phpmyadmin/themes/pmahomme/jquery/jquery-ui.css" "Mozilla/5.0 (Windows NT 10.0; Win64; x64) AppleWebKit/537.36 (KHTML, like Gecko) Chrome/90.0.4430.85 Safari/537.36"
::1 - - [21/Apr/2021:18:12:17 -0500] "GET /phpmyadmin/themes/pmahomme/jquery/images/ui-bg_glass_65_ffffff_1x400.png HTTP/1.1" 200 73 "http://localhost/phpmyadmin/themes/pmahomme/jquery/jquery-ui.css" "Mozilla/5.0 (Windows NT 10.0; Win64; x64) AppleWebKit/537.36 (KHTML, like Gecko) Chrome/90.0.4430.85 Safari/537.36"
::1 - - [21/Apr/2021:18:12:47 -0500] "POST /phpmyadmin/index.php?route=/table/structure/reserved-word-check HTTP/1.1" 200 89 "-" "Mozilla/5.0 (Windows NT 10.0; Win64; x64) AppleWebKit/537.36 (KHTML, like Gecko) Chrome/90.0.4430.85 Safari/537.36"
::1 - - [21/Apr/2021:18:12:48 -0500] "POST /phpmyadmin/index.php?route=/table/create HTTP/1.1" 200 1825 "-" "Mozilla/5.0 (Windows NT 10.0; Win64; x64) AppleWebKit/537.36 (KHTML, like Gecko) Chrome/90.0.4430.85 Safari/537.36"
::1 - - [21/Apr/2021:18:12:49 -0500] "GET /phpmyadmin/index.php?route=/database/structure&&server=1&db=naturepoints&table=&ajax_request=true&ajax_page_request=true&_nocache=1619046769086286732&token=427031707b63463166472c594c2e7151 HTTP/1.1" 200 5114 "-" "Mozilla/5.0 (Windows NT 10.0; Win64; x64) AppleWebKit/537.36 (KHTML, like Gecko) Chrome/90.0.4430.85 Safari/537.36"
::1 - - [21/Apr/2021:18:12:50 -0500] "GET /phpmyadmin/themes/pmahomme/img/bd_empty.png HTTP/1.1" 200 327 "http://localhost/phpmyadmin/themes/pmahomme/css/theme.css?v=5.1.0&nocache=6247129122ltr&server=1" "Mozilla/5.0 (Windows NT 10.0; Win64; x64) AppleWebKit/537.36 (KHTML, like Gecko) Chrome/90.0.4430.85 Safari/537.36"
::1 - - [21/Apr/2021:18:12:50 -0500] "GET /phpmyadmin/themes/pmahomme/img/bd_browse.png HTTP/1.1" 200 271 "http://localhost/phpmyadmin/themes/pmahomme/css/theme.css?v=5.1.0&nocache=6247129122ltr&server=1" "Mozilla/5.0 (Windows NT 10.0; Win64; x64) AppleWebKit/537.36 (KHTML, like Gecko) Chrome/90.0.4430.85 Safari/537.36"
::1 - - [21/Apr/2021:18:12:50 -0500] "GET /phpmyadmin/themes/pmahomme/img/b_no_favorite.png HTTP/1.1" 200 377 "http://localhost/phpmyadmin/themes/pmahomme/css/theme.css?v=5.1.0&nocache=6247129122ltr&server=1" "Mozilla/5.0 (Windows NT 10.0; Win64; x64) AppleWebKit/537.36 (KHTML, like Gecko) Chrome/90.0.4430.85 Safari/537.36"
::1 - - [21/Apr/2021:18:12:50 -0500] "GET /phpmyadmin/themes/pmahomme/img/bd_select.png HTTP/1.1" 200 325 "http://localhost/phpmyadmin/themes/pmahomme/css/theme.css?v=5.1.0&nocache=6247129122ltr&server=1" "Mozilla/5.0 (Windows NT 10.0; Win64; x64) AppleWebKit/537.36 (KHTML, like Gecko) Chrome/90.0.4430.85 Safari/537.36"
::1 - - [21/Apr/2021:18:12:50 -0500] "GET /phpmyadmin/themes/pmahomme/img/b_drop.png HTTP/1.1" 200 637 "http://localhost/phpmyadmin/themes/pmahomme/css/theme.css?v=5.1.0&nocache=6247129122ltr&server=1" "Mozilla/5.0 (Windows NT 10.0; Win64; x64) AppleWebKit/537.36 (KHTML, like Gecko) Chrome/90.0.4430.85 Safari/537.36"
::1 - - [21/Apr/2021:18:12:50 -0500] "GET /phpmyadmin/themes/pmahomme/img/b_print.png HTTP/1.1" 200 639 "http://localhost/phpmyadmin/themes/pmahomme/css/theme.css?v=5.1.0&nocache=6247129122ltr&server=1" "Mozilla/5.0 (Windows NT 10.0; Win64; x64) AppleWebKit/537.36 (KHTML, like Gecko) Chrome/90.0.4430.85 Safari/537.36"
::1 - - [21/Apr/2021:18:12:50 -0500] "GET /phpmyadmin/themes/pmahomme/img/b_tblanalyse.png HTTP/1.1" 200 152 "http://localhost/phpmyadmin/themes/pmahomme/css/theme.css?v=5.1.0&nocache=6247129122ltr&server=1" "Mozilla/5.0 (Windows NT 10.0; Win64; x64) AppleWebKit/537.36 (KHTML, like Gecko) Chrome/90.0.4430.85 Safari/537.36"
::1 - - [21/Apr/2021:18:12:49 -0500] "GET /phpmyadmin/index.php?route=/table/structure&server=1&db=naturepoints&token=427031707b63463166472c594c2e7151&goto=index.php%3Froute%3D%2Fdatabase%2Fstructure&table=author&ajax_request=true&ajax_page_request=true&_nocache=1619046769101233303&token=427031707b63463166472c594c2e7151 HTTP/1.1" 200 7752 "-" "Mozilla/5.0 (Windows NT 10.0; Win64; x64) AppleWebKit/537.36 (KHTML, like Gecko) Chrome/90.0.4430.85 Safari/537.36"
::1 - - [21/Apr/2021:18:12:53 -0500] "GET /phpmyadmin/themes/pmahomme/img/b_primary.png HTTP/1.1" 200 536 "http://localhost/phpmyadmin/themes/pmahomme/css/theme.css?v=5.1.0&nocache=6247129122ltr&server=1" "Mozilla/5.0 (Windows NT 10.0; Win64; x64) AppleWebKit/537.36 (KHTML, like Gecko) Chrome/90.0.4430.85 Safari/537.36"
::1 - - [21/Apr/2021:18:12:53 -0500] "GET /phpmyadmin/themes/pmahomme/img/b_unique.png HTTP/1.1" 200 583 "http://localhost/phpmyadmin/themes/pmahomme/css/theme.css?v=5.1.0&nocache=6247129122ltr&server=1" "Mozilla/5.0 (Windows NT 10.0; Win64; x64) AppleWebKit/537.36 (KHTML, like Gecko) Chrome/90.0.4430.85 Safari/537.36"
::1 - - [21/Apr/2021:18:12:53 -0500] "GET /phpmyadmin/themes/pmahomme/img/b_edit.png HTTP/1.1" 200 377 "http://localhost/phpmyadmin/themes/pmahomme/css/theme.css?v=5.1.0&nocache=6247129122ltr&server=1" "Mozilla/5.0 (Windows NT 10.0; Win64; x64) AppleWebKit/537.36 (KHTML, like Gecko) Chrome/90.0.4430.85 Safari/537.36"
::1 - - [21/Apr/2021:18:12:53 -0500] "GET /phpmyadmin/themes/pmahomme/img/b_index.png HTTP/1.1" 200 643 "http://localhost/phpmyadmin/themes/pmahomme/css/theme.css?v=5.1.0&nocache=6247129122ltr&server=1" "Mozilla/5.0 (Windows NT 10.0; Win64; x64) AppleWebKit/537.36 (KHTML, like Gecko) Chrome/90.0.4430.85 Safari/537.36"
::1 - - [21/Apr/2021:18:12:53 -0500] "GET /phpmyadmin/themes/pmahomme/img/b_spatial.png HTTP/1.1" 200 376 "http://localhost/phpmyadmin/themes/pmahomme/css/theme.css?v=5.1.0&nocache=6247129122ltr&server=1" "Mozilla/5.0 (Windows NT 10.0; Win64; x64) AppleWebKit/537.36 (KHTML, like Gecko) Chrome/90.0.4430.85 Safari/537.36"
::1 - - [21/Apr/2021:18:12:53 -0500] "GET /phpmyadmin/themes/pmahomme/img/b_ftext.png HTTP/1.1" 200 550 "http://localhost/phpmyadmin/themes/pmahomme/css/theme.css?v=5.1.0&nocache=6247129122ltr&server=1" "Mozilla/5.0 (Windows NT 10.0; Win64; x64) AppleWebKit/537.36 (KHTML, like Gecko) Chrome/90.0.4430.85 Safari/537.36"
::1 - - [21/Apr/2021:18:12:53 -0500] "GET /phpmyadmin/themes/pmahomme/img/centralColumns_add.png HTTP/1.1" 200 676 "http://localhost/phpmyadmin/themes/pmahomme/css/theme.css?v=5.1.0&nocache=6247129122ltr&server=1" "Mozilla/5.0 (Windows NT 10.0; Win64; x64) AppleWebKit/537.36 (KHTML, like Gecko) Chrome/90.0.4430.85 Safari/537.36"
::1 - - [21/Apr/2021:18:12:53 -0500] "GET /phpmyadmin/themes/pmahomme/img/b_move.png HTTP/1.1" 200 381 "http://localhost/phpmyadmin/themes/pmahomme/css/theme.css?v=5.1.0&nocache=6247129122ltr&server=1" "Mozilla/5.0 (Windows NT 10.0; Win64; x64) AppleWebKit/537.36 (KHTML, like Gecko) Chrome/90.0.4430.85 Safari/537.36"
::1 - - [21/Apr/2021:18:12:53 -0500] "GET /phpmyadmin/themes/pmahomme/img/normalize.png HTTP/1.1" 200 505 "http://localhost/phpmyadmin/themes/pmahomme/css/theme.css?v=5.1.0&nocache=6247129122ltr&server=1" "Mozilla/5.0 (Windows NT 10.0; Win64; x64) AppleWebKit/537.36 (KHTML, like Gecko) Chrome/90.0.4430.85 Safari/537.36"
::1 - - [21/Apr/2021:18:12:53 -0500] "GET /phpmyadmin/themes/pmahomme/img/b_tbloptimize.png HTTP/1.1" 200 153 "http://localhost/phpmyadmin/themes/pmahomme/css/theme.css?v=5.1.0&nocache=6247129122ltr&server=1" "Mozilla/5.0 (Windows NT 10.0; Win64; x64) AppleWebKit/537.36 (KHTML, like Gecko) Chrome/90.0.4430.85 Safari/537.36"
::1 - - [21/Apr/2021:18:12:53 -0500] "GET /phpmyadmin/themes/pmahomme/img/centralColumns_delete.png HTTP/1.1" 200 683 "http://localhost/phpmyadmin/themes/pmahomme/css/theme.css?v=5.1.0&nocache=6247129122ltr&server=1" "Mozilla/5.0 (Windows NT 10.0; Win64; x64) AppleWebKit/537.36 (KHTML, like Gecko) Chrome/90.0.4430.85 Safari/537.36"
::1 - - [21/Apr/2021:18:12:53 -0500] "GET /phpmyadmin/themes/pmahomme/img/b_rename.svg HTTP/1.1" 200 881 "http://localhost/phpmyadmin/themes/pmahomme/css/theme.css?v=5.1.0&nocache=6247129122ltr&server=1" "Mozilla/5.0 (Windows NT 10.0; Win64; x64) AppleWebKit/537.36 (KHTML, like Gecko) Chrome/90.0.4430.85 Safari/537.36"
::1 - - [21/Apr/2021:18:12:53 -0500] "GET /phpmyadmin/js/dist/table/structure.js?v=5.1.0 HTTP/1.1" 200 17046 "-" "Mozilla/5.0 (Windows NT 10.0; Win64; x64) AppleWebKit/537.36 (KHTML, like Gecko) Chrome/90.0.4430.85 Safari/537.36"
::1 - - [21/Apr/2021:18:12:49 -0500] "POST /phpmyadmin/index.php?route=/navigation&ajax_request=1 HTTP/1.1" 200 3417 "-" "Mozilla/5.0 (Windows NT 10.0; Win64; x64) AppleWebKit/537.36 (KHTML, like Gecko) Chrome/90.0.4430.85 Safari/537.36"
::1 - - [21/Apr/2021:18:12:53 -0500] "GET /phpmyadmin/index.php?route=/recent-table&ajax_request=1&recent_table=1&no_debug=true&_nocache=1619046773186212850&token=427031707b63463166472c594c2e7151 HTTP/1.1" 200 1622 "-" "Mozilla/5.0 (Windows NT 10.0; Win64; x64) AppleWebKit/537.36 (KHTML, like Gecko) Chrome/90.0.4430.85 Safari/537.36"
::1 - - [21/Apr/2021:18:31:39 -0500] "GET /phpmyadmin/themes/pmahomme/img/hide.png HTTP/1.1" 200 284 "http://localhost/phpmyadmin/themes/pmahomme/css/theme.css?v=5.1.0&nocache=6247129122ltr&server=1" "Mozilla/5.0 (Windows NT 10.0; Win64; x64) AppleWebKit/537.36 (KHTML, like Gecko) Chrome/90.0.4430.85 Safari/537.36"
::1 - - [21/Apr/2021:18:31:40 -0500] "GET /phpmyadmin/index.php?route=/table/create&server=1&db=naturepoints&ajax_request=true&ajax_page_request=true&_nocache=1619047900887948368&token=427031707b63463166472c594c2e7151 HTTP/1.1" 200 42685 "-" "Mozilla/5.0 (Windows NT 10.0; Win64; x64) AppleWebKit/537.36 (KHTML, like Gecko) Chrome/90.0.4430.85 Safari/537.36"
::1 - - [21/Apr/2021:18:38:39 -0500] "POST /phpmyadmin/index.php?route=/table/create HTTP/1.1" 200 51259 "-" "Mozilla/5.0 (Windows NT 10.0; Win64; x64) AppleWebKit/537.36 (KHTML, like Gecko) Chrome/90.0.4430.85 Safari/537.36"
::1 - - [21/Apr/2021:18:40:42 -0500] "POST /phpmyadmin/index.php?route=/table/create HTTP/1.1" 200 59724 "-" "Mozilla/5.0 (Windows NT 10.0; Win64; x64) AppleWebKit/537.36 (KHTML, like Gecko) Chrome/90.0.4430.85 Safari/537.36"
::1 - - [21/Apr/2021:18:43:02 -0500] "POST /phpmyadmin/index.php?route=/table/indexes HTTP/1.1" 200 2939 "-" "Mozilla/5.0 (Windows NT 10.0; Win64; x64) AppleWebKit/537.36 (KHTML, like Gecko) Chrome/90.0.4430.85 Safari/537.36"
::1 - - [21/Apr/2021:18:47:06 -0500] "POST /phpmyadmin/index.php?route=/table/structure/reserved-word-check HTTP/1.1" 200 89 "-" "Mozilla/5.0 (Windows NT 10.0; Win64; x64) AppleWebKit/537.36 (KHTML, like Gecko) Chrome/90.0.4430.85 Safari/537.36"
::1 - - [21/Apr/2021:18:47:07 -0500] "POST /phpmyadmin/index.php?route=/table/create HTTP/1.1" 200 1868 "-" "Mozilla/5.0 (Windows NT 10.0; Win64; x64) AppleWebKit/537.36 (KHTML, like Gecko) Chrome/90.0.4430.85 Safari/537.36"
::1 - - [21/Apr/2021:18:47:07 -0500] "GET /phpmyadmin/index.php?route=/database/structure&&server=1&db=naturepoints&table=&ajax_request=true&ajax_page_request=true&_nocache=1619048827709753012&token=427031707b63463166472c594c2e7151 HTTP/1.1" 200 5324 "-" "Mozilla/5.0 (Windows NT 10.0; Win64; x64) AppleWebKit/537.36 (KHTML, like Gecko) Chrome/90.0.4430.85 Safari/537.36"
::1 - - [21/Apr/2021:18:47:07 -0500] "POST /phpmyadmin/index.php?route=/navigation&ajax_request=1 HTTP/1.1" 200 2689 "-" "Mozilla/5.0 (Windows NT 10.0; Win64; x64) AppleWebKit/537.36 (KHTML, like Gecko) Chrome/90.0.4430.85 Safari/537.36"
::1 - - [21/Apr/2021:18:47:07 -0500] "GET /phpmyadmin/index.php?route=/table/structure&server=1&db=naturepoints&token=427031707b63463166472c594c2e7151&goto=index.php%3Froute%3D%2Fdatabase%2Fstructure&table=post&ajax_request=true&ajax_page_request=true&_nocache=1619048827724809962&token=427031707b63463166472c594c2e7151 HTTP/1.1" 200 8493 "-" "Mozilla/5.0 (Windows NT 10.0; Win64; x64) AppleWebKit/537.36 (KHTML, like Gecko) Chrome/90.0.4430.85 Safari/537.36"
::1 - - [21/Apr/2021:18:47:10 -0500] "GET /phpmyadmin/index.php?route=/recent-table&ajax_request=1&recent_table=1&no_debug=true&_nocache=1619048830203561405&token=427031707b63463166472c594c2e7151 HTTP/1.1" 200 1635 "-" "Mozilla/5.0 (Windows NT 10.0; Win64; x64) AppleWebKit/537.36 (KHTML, like Gecko) Chrome/90.0.4430.85 Safari/537.36"
::1 - - [21/Apr/2021:18:56:52 -0500] "GET /phpmyadmin/themes/pmahomme/img/bd_ftext.png HTTP/1.1" 200 286 "http://localhost/phpmyadmin/themes/pmahomme/css/theme.css?v=5.1.0&nocache=6247129122ltr&server=1" "Mozilla/5.0 (Windows NT 10.0; Win64; x64) AppleWebKit/537.36 (KHTML, like Gecko) Chrome/90.0.4430.85 Safari/537.36"
::1 - - [21/Apr/2021:18:56:52 -0500] "GET /phpmyadmin/themes/pmahomme/img/bd_spatial.png HTTP/1.1" 200 243 "http://localhost/phpmyadmin/themes/pmahomme/css/theme.css?v=5.1.0&nocache=6247129122ltr&server=1" "Mozilla/5.0 (Windows NT 10.0; Win64; x64) AppleWebKit/537.36 (KHTML, like Gecko) Chrome/90.0.4430.85 Safari/537.36"
::1 - - [21/Apr/2021:18:56:52 -0500] "GET /phpmyadmin/themes/pmahomme/img/bd_primary.png HTTP/1.1" 200 294 "http://localhost/phpmyadmin/themes/pmahomme/css/theme.css?v=5.1.0&nocache=6247129122ltr&server=1" "Mozilla/5.0 (Windows NT 10.0; Win64; x64) AppleWebKit/537.36 (KHTML, like Gecko) Chrome/90.0.4430.85 Safari/537.36"
::1 - - [21/Apr/2021:18:57:55 -0500] "GET /phpmyadmin/index.php?route=/table/structure/change&db=naturepoints&table=post&field=id&change_column=1 HTTP/1.1" 200 19337 "-" "Mozilla/5.0 (Windows NT 10.0; Win64; x64) AppleWebKit/537.36 (KHTML, like Gecko) Chrome/90.0.4430.85 Safari/537.36"
::1 - - [21/Apr/2021:18:57:56 -0500] "GET /phpmyadmin/themes/pmahomme/css/theme.css?v=5.1.0&nocache=6294510250ltr&server=1 HTTP/1.1" 200 214806 "-" "Mozilla/5.0 (Windows NT 10.0; Win64; x64) AppleWebKit/537.36 (KHTML, like Gecko) Chrome/90.0.4430.85 Safari/537.36"
::1 - - [21/Apr/2021:18:57:56 -0500] "GET /phpmyadmin/js/messages.php?l=en&v=5.1.0 HTTP/1.1" 200 7827 "-" "Mozilla/5.0 (Windows NT 10.0; Win64; x64) AppleWebKit/537.36 (KHTML, like Gecko) Chrome/90.0.4430.85 Safari/537.36"
::1 - - [21/Apr/2021:18:57:57 -0500] "POST /phpmyadmin/index.php?route=/config/get HTTP/1.1" 200 1565 "-" "Mozilla/5.0 (Windows NT 10.0; Win64; x64) AppleWebKit/537.36 (KHTML, like Gecko) Chrome/90.0.4430.85 Safari/537.36"
::1 - - [21/Apr/2021:18:57:58 -0500] "POST /phpmyadmin/index.php?route=/navigation&ajax_request=1 HTTP/1.1" 200 2689 "-" "Mozilla/5.0 (Windows NT 10.0; Win64; x64) AppleWebKit/537.36 (KHTML, like Gecko) Chrome/90.0.4430.85 Safari/537.36"
::1 - - [21/Apr/2021:18:57:58 -0500] "POST /phpmyadmin/index.php?route=/config/get HTTP/1.1" 200 1655 "-" "Mozilla/5.0 (Windows NT 10.0; Win64; x64) AppleWebKit/537.36 (KHTML, like Gecko) Chrome/90.0.4430.85 Safari/537.36"
::1 - - [21/Apr/2021:18:57:58 -0500] "GET /phpmyadmin/index.php?route=/recent-table&ajax_request=1&recent_table=1&no_debug=true&_nocache=1619049478123772533&token=427031707b63463166472c594c2e7151 HTTP/1.1" 200 1635 "-" "Mozilla/5.0 (Windows NT 10.0; Win64; x64) AppleWebKit/537.36 (KHTML, like Gecko) Chrome/90.0.4430.85 Safari/537.36"
::1 - - [21/Apr/2021:18:57:58 -0500] "POST /phpmyadmin/index.php?route=/config/set HTTP/1.1" 200 1556 "-" "Mozilla/5.0 (Windows NT 10.0; Win64; x64) AppleWebKit/537.36 (KHTML, like Gecko) Chrome/90.0.4430.85 Safari/537.36"
::1 - - [21/Apr/2021:18:58:07 -0500] "POST /phpmyadmin/index.php?route=/table/structure/save HTTP/1.1" 200 15341 "-" "Mozilla/5.0 (Windows NT 10.0; Win64; x64) AppleWebKit/537.36 (KHTML, like Gecko) Chrome/90.0.4430.85 Safari/537.36"
::1 - - [21/Apr/2021:18:58:08 -0500] "GET /phpmyadmin/themes/pmahomme/css/theme.css?v=5.1.0&nocache=6294513572ltr&server=1 HTTP/1.1" 200 214806 "-" "Mozilla/5.0 (Windows NT 10.0; Win64; x64) AppleWebKit/537.36 (KHTML, like Gecko) Chrome/90.0.4430.85 Safari/537.36"
::1 - - [21/Apr/2021:18:58:08 -0500] "POST /phpmyadmin/index.php?route=/config/get HTTP/1.1" 200 1565 "-" "Mozilla/5.0 (Windows NT 10.0; Win64; x64) AppleWebKit/537.36 (KHTML, like Gecko) Chrome/90.0.4430.85 Safari/537.36"
::1 - - [21/Apr/2021:18:58:09 -0500] "POST /phpmyadmin/index.php?route=/navigation&ajax_request=1 HTTP/1.1" 200 2689 "-" "Mozilla/5.0 (Windows NT 10.0; Win64; x64) AppleWebKit/537.36 (KHTML, like Gecko) Chrome/90.0.4430.85 Safari/537.36"
::1 - - [21/Apr/2021:18:58:09 -0500] "POST /phpmyadmin/index.php?route=/config/get HTTP/1.1" 200 1655 "-" "Mozilla/5.0 (Windows NT 10.0; Win64; x64) AppleWebKit/537.36 (KHTML, like Gecko) Chrome/90.0.4430.85 Safari/537.36"
::1 - - [21/Apr/2021:18:58:09 -0500] "GET /phpmyadmin/index.php?route=/recent-table&ajax_request=1&recent_table=1&no_debug=true&_nocache=1619049489214162971&token=427031707b63463166472c594c2e7151 HTTP/1.1" 200 1635 "-" "Mozilla/5.0 (Windows NT 10.0; Win64; x64) AppleWebKit/537.36 (KHTML, like Gecko) Chrome/90.0.4430.85 Safari/537.36"
::1 - - [21/Apr/2021:18:58:09 -0500] "POST /phpmyadmin/index.php?route=/config/set HTTP/1.1" 200 1556 "-" "Mozilla/5.0 (Windows NT 10.0; Win64; x64) AppleWebKit/537.36 (KHTML, like Gecko) Chrome/90.0.4430.85 Safari/537.36"
::1 - - [21/Apr/2021:18:58:53 -0500] "GET /phpmyadmin/index.php?route=/sql&server=1&db=naturepoints&table=author&pos=0&ajax_request=true&ajax_page_request=true&_nocache=1619049533791347516&token=427031707b63463166472c594c2e7151 HTTP/1.1" 200 5246 "-" "Mozilla/5.0 (Windows NT 10.0; Win64; x64) AppleWebKit/537.36 (KHTML, like Gecko) Chrome/90.0.4430.85 Safari/537.36"
::1 - - [21/Apr/2021:18:58:55 -0500] "GET /phpmyadmin/themes/pmahomme/img/b_view_add.png HTTP/1.1" 200 678 "http://localhost/phpmyadmin/themes/pmahomme/css/theme.css?v=5.1.0&nocache=6294513572ltr&server=1" "Mozilla/5.0 (Windows NT 10.0; Win64; x64) AppleWebKit/537.36 (KHTML, like Gecko) Chrome/90.0.4430.85 Safari/537.36"
::1 - - [21/Apr/2021:18:58:55 -0500] "GET /phpmyadmin/themes/pmahomme/img/b_bookmark.png HTTP/1.1" 200 637 "http://localhost/phpmyadmin/themes/pmahomme/css/theme.css?v=5.1.0&nocache=6294513572ltr&server=1" "Mozilla/5.0 (Windows NT 10.0; Win64; x64) AppleWebKit/537.36 (KHTML, like Gecko) Chrome/90.0.4430.85 Safari/537.36"
::1 - - [21/Apr/2021:18:58:55 -0500] "GET /phpmyadmin/js/vendor/stickyfill.min.js?v=5.1.0 HTTP/1.1" 200 6500 "-" "Mozilla/5.0 (Windows NT 10.0; Win64; x64) AppleWebKit/537.36 (KHTML, like Gecko) Chrome/90.0.4430.85 Safari/537.36"
::1 - - [21/Apr/2021:18:58:55 -0500] "GET /phpmyadmin/js/dist/multi_column_sort.js?v=5.1.0 HTTP/1.1" 200 3128 "-" "Mozilla/5.0 (Windows NT 10.0; Win64; x64) AppleWebKit/537.36 (KHTML, like Gecko) Chrome/90.0.4430.85 Safari/537.36"
::1 - - [21/Apr/2021:18:58:55 -0500] "GET /phpmyadmin/js/dist/gis_data_editor.js?v=5.1.0 HTTP/1.1" 200 13867 "-" "Mozilla/5.0 (Windows NT 10.0; Win64; x64) AppleWebKit/537.36 (KHTML, like Gecko) Chrome/90.0.4430.85 Safari/537.36"
::1 - - [21/Apr/2021:18:58:55 -0500] "GET /phpmyadmin/index.php?route=/recent-table&ajax_request=1&recent_table=1&no_debug=true&_nocache=1619049535259399667&token=427031707b63463166472c594c2e7151 HTTP/1.1" 200 1636 "-" "Mozilla/5.0 (Windows NT 10.0; Win64; x64) AppleWebKit/537.36 (KHTML, like Gecko) Chrome/90.0.4430.85 Safari/537.36"
::1 - - [21/Apr/2021:18:59:11 -0500] "GET /phpmyadmin/index.php?route=/table/structure&db=naturepoints&table=author&ajax_request=true&ajax_page_request=true&_nocache=1619049551122479546&token=427031707b63463166472c594c2e7151 HTTP/1.1" 200 7758 "-" "Mozilla/5.0 (Windows NT 10.0; Win64; x64) AppleWebKit/537.36 (KHTML, like Gecko) Chrome/90.0.4430.85 Safari/537.36"
::1 - - [21/Apr/2021:18:59:11 -0500] "GET /phpmyadmin/index.php?route=/recent-table&ajax_request=1&recent_table=1&no_debug=true&_nocache=1619049551961542662&token=427031707b63463166472c594c2e7151 HTTP/1.1" 200 1636 "-" "Mozilla/5.0 (Windows NT 10.0; Win64; x64) AppleWebKit/537.36 (KHTML, like Gecko) Chrome/90.0.4430.85 Safari/537.36"
::1 - - [21/Apr/2021:18:59:17 -0500] "GET /phpmyadmin/index.php?route=/table/structure/change&db=naturepoints&table=author&field=id&change_column=1 HTTP/1.1" 200 19361 "-" "Mozilla/5.0 (Windows NT 10.0; Win64; x64) AppleWebKit/537.36 (KHTML, like Gecko) Chrome/90.0.4430.85 Safari/537.36"
::1 - - [21/Apr/2021:18:59:18 -0500] "GET /phpmyadmin/themes/pmahomme/css/theme.css?v=5.1.0&nocache=6294513583ltr&server=1 HTTP/1.1" 200 214806 "-" "Mozilla/5.0 (Windows NT 10.0; Win64; x64) AppleWebKit/537.36 (KHTML, like Gecko) Chrome/90.0.4430.85 Safari/537.36"
::1 - - [21/Apr/2021:18:59:18 -0500] "POST /phpmyadmin/index.php?route=/config/get HTTP/1.1" 200 1566 "-" "Mozilla/5.0 (Windows NT 10.0; Win64; x64) AppleWebKit/537.36 (KHTML, like Gecko) Chrome/90.0.4430.85 Safari/537.36"
::1 - - [21/Apr/2021:18:59:19 -0500] "POST /phpmyadmin/index.php?route=/navigation&ajax_request=1 HTTP/1.1" 200 2693 "-" "Mozilla/5.0 (Windows NT 10.0; Win64; x64) AppleWebKit/537.36 (KHTML, like Gecko) Chrome/90.0.4430.85 Safari/537.36"
::1 - - [21/Apr/2021:18:59:19 -0500] "POST /phpmyadmin/index.php?route=/config/get HTTP/1.1" 200 1657 "-" "Mozilla/5.0 (Windows NT 10.0; Win64; x64) AppleWebKit/537.36 (KHTML, like Gecko) Chrome/90.0.4430.85 Safari/537.36"
::1 - - [21/Apr/2021:18:59:19 -0500] "GET /phpmyadmin/index.php?route=/recent-table&ajax_request=1&recent_table=1&no_debug=true&_nocache=1619049559093316467&token=427031707b63463166472c594c2e7151 HTTP/1.1" 200 1636 "-" "Mozilla/5.0 (Windows NT 10.0; Win64; x64) AppleWebKit/537.36 (KHTML, like Gecko) Chrome/90.0.4430.85 Safari/537.36"
::1 - - [21/Apr/2021:18:59:19 -0500] "POST /phpmyadmin/index.php?route=/config/set HTTP/1.1" 200 1558 "-" "Mozilla/5.0 (Windows NT 10.0; Win64; x64) AppleWebKit/537.36 (KHTML, like Gecko) Chrome/90.0.4430.85 Safari/537.36"
::1 - - [21/Apr/2021:18:59:24 -0500] "POST /phpmyadmin/index.php?route=/table/structure/save HTTP/1.1" 200 14737 "-" "Mozilla/5.0 (Windows NT 10.0; Win64; x64) AppleWebKit/537.36 (KHTML, like Gecko) Chrome/90.0.4430.85 Safari/537.36"
::1 - - [21/Apr/2021:18:59:25 -0500] "GET /phpmyadmin/themes/pmahomme/css/theme.css?v=5.1.0&nocache=6294513653ltr&server=1 HTTP/1.1" 200 214806 "-" "Mozilla/5.0 (Windows NT 10.0; Win64; x64) AppleWebKit/537.36 (KHTML, like Gecko) Chrome/90.0.4430.85 Safari/537.36"
::1 - - [21/Apr/2021:18:59:25 -0500] "POST /phpmyadmin/index.php?route=/config/get HTTP/1.1" 200 1566 "-" "Mozilla/5.0 (Windows NT 10.0; Win64; x64) AppleWebKit/537.36 (KHTML, like Gecko) Chrome/90.0.4430.85 Safari/537.36"
::1 - - [21/Apr/2021:18:59:26 -0500] "POST /phpmyadmin/index.php?route=/navigation&ajax_request=1 HTTP/1.1" 200 2693 "-" "Mozilla/5.0 (Windows NT 10.0; Win64; x64) AppleWebKit/537.36 (KHTML, like Gecko) Chrome/90.0.4430.85 Safari/537.36"
::1 - - [21/Apr/2021:18:59:26 -0500] "POST /phpmyadmin/index.php?route=/config/get HTTP/1.1" 200 1657 "-" "Mozilla/5.0 (Windows NT 10.0; Win64; x64) AppleWebKit/537.36 (KHTML, like Gecko) Chrome/90.0.4430.85 Safari/537.36"
::1 - - [21/Apr/2021:18:59:26 -0500] "GET /phpmyadmin/index.php?route=/recent-table&ajax_request=1&recent_table=1&no_debug=true&_nocache=1619049566112254093&token=427031707b63463166472c594c2e7151 HTTP/1.1" 200 1636 "-" "Mozilla/5.0 (Windows NT 10.0; Win64; x64) AppleWebKit/537.36 (KHTML, like Gecko) Chrome/90.0.4430.85 Safari/537.36"
::1 - - [21/Apr/2021:18:59:26 -0500] "POST /phpmyadmin/index.php?route=/config/set HTTP/1.1" 200 1558 "-" "Mozilla/5.0 (Windows NT 10.0; Win64; x64) AppleWebKit/537.36 (KHTML, like Gecko) Chrome/90.0.4430.85 Safari/537.36"
::1 - - [21/Apr/2021:19:04:02 -0500] "GET /phpmyadmin/index.php?route=/table/create&server=1&db=naturepoints&ajax_request=true&ajax_page_request=true&_nocache=1619049842390626713&token=427031707b63463166472c594c2e7151 HTTP/1.1" 200 42687 "-" "Mozilla/5.0 (Windows NT 10.0; Win64; x64) AppleWebKit/537.36 (KHTML, like Gecko) Chrome/90.0.4430.85 Safari/537.36"
::1 - - [21/Apr/2021:19:05:06 -0500] "POST /phpmyadmin/index.php?route=/table/indexes HTTP/1.1" 200 2946 "-" "Mozilla/5.0 (Windows NT 10.0; Win64; x64) AppleWebKit/537.36 (KHTML, like Gecko) Chrome/90.0.4430.85 Safari/537.36"
::1 - - [21/Apr/2021:19:05:56 -0500] "POST /phpmyadmin/index.php?route=/table/structure/reserved-word-check HTTP/1.1" 200 89 "-" "Mozilla/5.0 (Windows NT 10.0; Win64; x64) AppleWebKit/537.36 (KHTML, like Gecko) Chrome/90.0.4430.85 Safari/537.36"
::1 - - [21/Apr/2021:19:05:57 -0500] "POST /phpmyadmin/index.php?route=/table/create HTTP/1.1" 200 1847 "-" "Mozilla/5.0 (Windows NT 10.0; Win64; x64) AppleWebKit/537.36 (KHTML, like Gecko) Chrome/90.0.4430.85 Safari/537.36"
::1 - - [21/Apr/2021:19:05:57 -0500] "GET /phpmyadmin/index.php?route=/database/structure&&server=1&db=naturepoints&table=&ajax_request=true&ajax_page_request=true&_nocache=1619049957465195511&token=427031707b63463166472c594c2e7151 HTTP/1.1" 200 5549 "-" "Mozilla/5.0 (Windows NT 10.0; Win64; x64) AppleWebKit/537.36 (KHTML, like Gecko) Chrome/90.0.4430.85 Safari/537.36"
::1 - - [21/Apr/2021:19:05:57 -0500] "POST /phpmyadmin/index.php?route=/navigation&ajax_request=1 HTTP/1.1" 200 2754 "-" "Mozilla/5.0 (Windows NT 10.0; Win64; x64) AppleWebKit/537.36 (KHTML, like Gecko) Chrome/90.0.4430.85 Safari/537.36"
::1 - - [21/Apr/2021:19:05:57 -0500] "GET /phpmyadmin/index.php?route=/table/structure&server=1&db=naturepoints&token=427031707b63463166472c594c2e7151&goto=index.php%3Froute%3D%2Fdatabase%2Fstructure&table=category&ajax_request=true&ajax_page_request=true&_nocache=1619049957512455561&token=427031707b63463166472c594c2e7151 HTTP/1.1" 200 7781 "-" "Mozilla/5.0 (Windows NT 10.0; Win64; x64) AppleWebKit/537.36 (KHTML, like Gecko) Chrome/90.0.4430.85 Safari/537.36"
::1 - - [21/Apr/2021:19:05:59 -0500] "GET /phpmyadmin/index.php?route=/recent-table&ajax_request=1&recent_table=1&no_debug=true&_nocache=1619049959544691835&token=427031707b63463166472c594c2e7151 HTTP/1.1" 200 1649 "-" "Mozilla/5.0 (Windows NT 10.0; Win64; x64) AppleWebKit/537.36 (KHTML, like Gecko) Chrome/90.0.4430.85 Safari/537.36"
::1 - - [21/Apr/2021:19:06:33 -0500] "GET /phpmyadmin/index.php?route=/table/create&server=1&db=naturepoints&ajax_request=true&ajax_page_request=true&_nocache=1619049993019786520&token=427031707b63463166472c594c2e7151 HTTP/1.1" 200 42687 "-" "Mozilla/5.0 (Windows NT 10.0; Win64; x64) AppleWebKit/537.36 (KHTML, like Gecko) Chrome/90.0.4430.85 Safari/537.36"
::1 - - [21/Apr/2021:19:30:29 -0500] "POST /phpmyadmin/index.php?route=/ HTTP/1.1" 200 1666 "-" "Mozilla/5.0 (Windows NT 10.0; Win64; x64) AppleWebKit/537.36 (KHTML, like Gecko) Chrome/90.0.4430.85 Safari/537.36"
::1 - - [21/Apr/2021:19:30:40 -0500] "POST /phpmyadmin/index.php?route=/ HTTP/1.1" 200 1666 "-" "Mozilla/5.0 (Windows NT 10.0; Win64; x64) AppleWebKit/537.36 (KHTML, like Gecko) Chrome/90.0.4430.85 Safari/537.36"
::1 - - [21/Apr/2021:19:30:42 -0500] "POST /phpmyadmin/index.php?route=/ HTTP/1.1" 200 1666 "-" "Mozilla/5.0 (Windows NT 10.0; Win64; x64) AppleWebKit/537.36 (KHTML, like Gecko) Chrome/90.0.4430.85 Safari/537.36"
::1 - - [21/Apr/2021:19:35:18 -0500] "POST /phpmyadmin/index.php?route=/table/structure/reserved-word-check HTTP/1.1" 200 89 "-" "Mozilla/5.0 (Windows NT 10.0; Win64; x64) AppleWebKit/537.36 (KHTML, like Gecko) Chrome/90.0.4430.85 Safari/537.36"
::1 - - [21/Apr/2021:19:35:19 -0500] "POST /phpmyadmin/index.php?route=/table/create HTTP/1.1" 200 1808 "-" "Mozilla/5.0 (Windows NT 10.0; Win64; x64) AppleWebKit/537.36 (KHTML, like Gecko) Chrome/90.0.4430.85 Safari/537.36"
::1 - - [21/Apr/2021:19:35:19 -0500] "GET /phpmyadmin/index.php?route=/database/structure&&server=1&db=naturepoints&table=&ajax_request=true&ajax_page_request=true&_nocache=1619051719453159035&token=427031707b63463166472c594c2e7151 HTTP/1.1" 200 5744 "-" "Mozilla/5.0 (Windows NT 10.0; Win64; x64) AppleWebKit/537.36 (KHTML, like Gecko) Chrome/90.0.4430.85 Safari/537.36"
::1 - - [21/Apr/2021:19:35:19 -0500] "POST /phpmyadmin/index.php?route=/navigation&ajax_request=1 HTTP/1.1" 200 2805 "-" "Mozilla/5.0 (Windows NT 10.0; Win64; x64) AppleWebKit/537.36 (KHTML, like Gecko) Chrome/90.0.4430.85 Safari/537.36"
::1 - - [21/Apr/2021:19:35:19 -0500] "GET /phpmyadmin/index.php?route=/table/structure&server=1&db=naturepoints&token=427031707b63463166472c594c2e7151&goto=index.php%3Froute%3D%2Fdatabase%2Fstructure&table=has_category%20&ajax_request=true&ajax_page_request=true&_nocache=1619051719464916147&token=427031707b63463166472c594c2e7151 HTTP/1.1" 200 5761 "-" "Mozilla/5.0 (Windows NT 10.0; Win64; x64) AppleWebKit/537.36 (KHTML, like Gecko) Chrome/90.0.4430.85 Safari/537.36"
::1 - - [21/Apr/2021:19:35:21 -0500] "GET /phpmyadmin/js/dist/makegrid.js?v=5.1.0 HTTP/1.1" 200 79661 "-" "Mozilla/5.0 (Windows NT 10.0; Win64; x64) AppleWebKit/537.36 (KHTML, like Gecko) Chrome/90.0.4430.85 Safari/537.36"
::1 - - [21/Apr/2021:19:35:21 -0500] "GET /phpmyadmin/js/dist/sql.js?v=5.1.0 HTTP/1.1" 200 35506 "-" "Mozilla/5.0 (Windows NT 10.0; Win64; x64) AppleWebKit/537.36 (KHTML, like Gecko) Chrome/90.0.4430.85 Safari/537.36"
::1 - - [21/Apr/2021:19:35:21 -0500] "POST /phpmyadmin/index.php?route=/lint HTTP/1.1" 200 28 "-" "Mozilla/5.0 (Windows NT 10.0; Win64; x64) AppleWebKit/537.36 (KHTML, like Gecko) Chrome/90.0.4430.85 Safari/537.36"
::1 - - [21/Apr/2021:19:35:21 -0500] "GET /phpmyadmin/index.php?route=/recent-table&ajax_request=1&recent_table=1&no_debug=true&_nocache=1619051721620469867&token=427031707b63463166472c594c2e7151 HTTP/1.1" 200 1649 "-" "Mozilla/5.0 (Windows NT 10.0; Win64; x64) AppleWebKit/537.36 (KHTML, like Gecko) Chrome/90.0.4430.85 Safari/537.36"
::1 - - [21/Apr/2021:19:40:31 -0500] "GET /phpmyadmin/index.php?route=/sql&db=naturepoints&table=has_category+&pos=0&ajax_request=true&ajax_page_request=true&_nocache=1619052031544312134&token=427031707b63463166472c594c2e7151 HTTP/1.1" 200 175 "-" "Mozilla/5.0 (Windows NT 10.0; Win64; x64) AppleWebKit/537.36 (KHTML, like Gecko) Chrome/90.0.4430.85 Safari/537.36"
::1 - - [21/Apr/2021:19:40:32 -0500] "GET /phpmyadmin/themes/pmahomme/img/s_error.png HTTP/1.1" 200 614 "http://localhost/phpmyadmin/themes/pmahomme/css/theme.css?v=5.1.0&nocache=6294513653ltr&server=1" "Mozilla/5.0 (Windows NT 10.0; Win64; x64) AppleWebKit/537.36 (KHTML, like Gecko) Chrome/90.0.4430.85 Safari/537.36"
::1 - - [21/Apr/2021:19:42:05 -0500] "GET /phpmyadmin/index.php?route=/sql&server=1&db=naturepoints&table=category&pos=0&ajax_request=true&ajax_page_request=true&_nocache=1619052125194266161&token=427031707b63463166472c594c2e7151 HTTP/1.1" 200 5259 "-" "Mozilla/5.0 (Windows NT 10.0; Win64; x64) AppleWebKit/537.36 (KHTML, like Gecko) Chrome/90.0.4430.85 Safari/537.36"
::1 - - [21/Apr/2021:19:42:05 -0500] "GET /phpmyadmin/index.php?route=/recent-table&ajax_request=1&recent_table=1&no_debug=true&_nocache=1619052125979561357&token=427031707b63463166472c594c2e7151 HTTP/1.1" 200 1649 "-" "Mozilla/5.0 (Windows NT 10.0; Win64; x64) AppleWebKit/537.36 (KHTML, like Gecko) Chrome/90.0.4430.85 Safari/537.36"
::1 - - [21/Apr/2021:19:42:18 -0500] "GET /phpmyadmin/index.php?route=/table/change&db=naturepoints&table=category&ajax_request=true&ajax_page_request=true&_nocache=1619052138619491336&token=427031707b63463166472c594c2e7151 HTTP/1.1" 200 6262 "-" "Mozilla/5.0 (Windows NT 10.0; Win64; x64) AppleWebKit/537.36 (KHTML, like Gecko) Chrome/90.0.4430.85 Safari/537.36"
::1 - - [21/Apr/2021:19:42:19 -0500] "GET /phpmyadmin/js/vendor/jquery/additional-methods.js?v=5.1.0 HTTP/1.1" 200 52032 "-" "Mozilla/5.0 (Windows NT 10.0; Win64; x64) AppleWebKit/537.36 (KHTML, like Gecko) Chrome/90.0.4430.85 Safari/537.36"
::1 - - [21/Apr/2021:19:42:19 -0500] "GET /phpmyadmin/index.php?route=/recent-table&ajax_request=1&recent_table=1&no_debug=true&_nocache=1619052139536242716&token=427031707b63463166472c594c2e7151 HTTP/1.1" 200 1649 "-" "Mozilla/5.0 (Windows NT 10.0; Win64; x64) AppleWebKit/537.36 (KHTML, like Gecko) Chrome/90.0.4430.85 Safari/537.36"
::1 - - [21/Apr/2021:20:06:15 -0500] "POST /phpmyadmin/index.php?route=/ HTTP/1.1" 200 1666 "-" "Mozilla/5.0 (Windows NT 10.0; Win64; x64) AppleWebKit/537.36 (KHTML, like Gecko) Chrome/90.0.4430.85 Safari/537.36"
::1 - - [21/Apr/2021:20:24:59 -0500] "POST /phpmyadmin/index.php?route=/ HTTP/1.1" 200 1666 "-" "Mozilla/5.0 (Windows NT 10.0; Win64; x64) AppleWebKit/537.36 (KHTML, like Gecko) Chrome/90.0.4430.85 Safari/537.36"
::1 - - [21/Apr/2021:20:43:24 -0500] "POST /phpmyadmin/index.php?route=/ HTTP/1.1" 200 1666 "-" "Mozilla/5.0 (Windows NT 10.0; Win64; x64) AppleWebKit/537.36 (KHTML, like Gecko) Chrome/90.0.4430.85 Safari/537.36"
::1 - - [21/Apr/2021:21:02:19 -0500] "POST /phpmyadmin/index.php?route=/ HTTP/1.1" 200 1666 "-" "Mozilla/5.0 (Windows NT 10.0; Win64; x64) AppleWebKit/537.36 (KHTML, like Gecko) Chrome/90.0.4430.85 Safari/537.36"
::1 - - [21/Apr/2021:21:20:55 -0500] "POST /phpmyadmin/index.php?route=/ HTTP/1.1" 200 1666 "-" "Mozilla/5.0 (Windows NT 10.0; Win64; x64) AppleWebKit/537.36 (KHTML, like Gecko) Chrome/90.0.4430.85 Safari/537.36"
::1 - - [21/Apr/2021:22:18:30 -0500] "POST /phpmyadmin/index.php?route=/ HTTP/1.1" 200 1666 "-" "Mozilla/5.0 (Windows NT 10.0; Win64; x64) AppleWebKit/537.36 (KHTML, like Gecko) Chrome/90.0.4430.85 Safari/537.36"
::1 - - [21/Apr/2021:22:22:35 -0500] "POST /phpmyadmin/index.php?route=/table/replace HTTP/1.1" 200 5506 "-" "Mozilla/5.0 (Windows NT 10.0; Win64; x64) AppleWebKit/537.36 (KHTML, like Gecko) Chrome/90.0.4430.85 Safari/537.36"
::1 - - [21/Apr/2021:22:22:36 -0500] "GET /phpmyadmin/index.php?route=/recent-table&ajax_request=1&recent_table=1&no_debug=true&_nocache=1619061756500801275&token=427031707b63463166472c594c2e7151 HTTP/1.1" 200 1649 "-" "Mozilla/5.0 (Windows NT 10.0; Win64; x64) AppleWebKit/537.36 (KHTML, like Gecko) Chrome/90.0.4430.85 Safari/537.36"
::1 - - [21/Apr/2021:22:22:36 -0500] "POST /phpmyadmin/index.php?route=/lint HTTP/1.1" 200 28 "-" "Mozilla/5.0 (Windows NT 10.0; Win64; x64) AppleWebKit/537.36 (KHTML, like Gecko) Chrome/90.0.4430.85 Safari/537.36"
::1 - - [21/Apr/2021:22:22:54 -0500] "POST /phpmyadmin/index.php?route=/import HTTP/1.1" 200 2170 "-" "Mozilla/5.0 (Windows NT 10.0; Win64; x64) AppleWebKit/537.36 (KHTML, like Gecko) Chrome/90.0.4430.85 Safari/537.36"
::1 - - [21/Apr/2021:22:23:08 -0500] "GET /phpmyadmin/index.php?route=/sql&server=1&db=naturepoints&table=has_category&pos=0&ajax_request=true&ajax_page_request=true&_nocache=1619061788271510394&token=427031707b63463166472c594c2e7151 HTTP/1.1" 200 5250 "-" "Mozilla/5.0 (Windows NT 10.0; Win64; x64) AppleWebKit/537.36 (KHTML, like Gecko) Chrome/90.0.4430.85 Safari/537.36"
::1 - - [21/Apr/2021:22:23:09 -0500] "GET /phpmyadmin/index.php?route=/recent-table&ajax_request=1&recent_table=1&no_debug=true&_nocache=1619061789037329228&token=427031707b63463166472c594c2e7151 HTTP/1.1" 200 1657 "-" "Mozilla/5.0 (Windows NT 10.0; Win64; x64) AppleWebKit/537.36 (KHTML, like Gecko) Chrome/90.0.4430.85 Safari/537.36"
::1 - - [21/Apr/2021:22:23:40 -0500] "GET /phpmyadmin/index.php?route=/sql&server=1&db=naturepoints&table=category&pos=0&ajax_request=true&ajax_page_request=true&_nocache=1619061820357358805&token=427031707b63463166472c594c2e7151 HTTP/1.1" 200 7760 "-" "Mozilla/5.0 (Windows NT 10.0; Win64; x64) AppleWebKit/537.36 (KHTML, like Gecko) Chrome/90.0.4430.85 Safari/537.36"
::1 - - [21/Apr/2021:22:23:41 -0500] "GET /phpmyadmin/themes/pmahomme/img/b_chart.png HTTP/1.1" 200 449 "http://localhost/phpmyadmin/themes/pmahomme/css/theme.css?v=5.1.0&nocache=6294513653ltr&server=1" "Mozilla/5.0 (Windows NT 10.0; Win64; x64) AppleWebKit/537.36 (KHTML, like Gecko) Chrome/90.0.4430.85 Safari/537.36"
::1 - - [21/Apr/2021:22:23:41 -0500] "GET /phpmyadmin/themes/pmahomme/img/col_drop.png HTTP/1.1" 200 111 "http://localhost/phpmyadmin/themes/pmahomme/css/theme.css?v=5.1.0&nocache=6294513653ltr&server=1" "Mozilla/5.0 (Windows NT 10.0; Win64; x64) AppleWebKit/537.36 (KHTML, like Gecko) Chrome/90.0.4430.85 Safari/537.36"
::1 - - [21/Apr/2021:22:23:41 -0500] "GET /phpmyadmin/themes/pmahomme/img/col_pointer.png HTTP/1.1" 200 102 "http://localhost/phpmyadmin/themes/pmahomme/css/theme.css?v=5.1.0&nocache=6294513653ltr&server=1" "Mozilla/5.0 (Windows NT 10.0; Win64; x64) AppleWebKit/537.36 (KHTML, like Gecko) Chrome/90.0.4430.85 Safari/537.36"
::1 - - [21/Apr/2021:22:23:41 -0500] "GET /phpmyadmin/themes/pmahomme/img/s_fulltext.png HTTP/1.1" 200 176 "-" "Mozilla/5.0 (Windows NT 10.0; Win64; x64) AppleWebKit/537.36 (KHTML, like Gecko) Chrome/90.0.4430.85 Safari/537.36"
::1 - - [21/Apr/2021:22:23:41 -0500] "GET /phpmyadmin/index.php?route=/recent-table&ajax_request=1&recent_table=1&no_debug=true&_nocache=1619061821484513226&token=427031707b63463166472c594c2e7151 HTTP/1.1" 200 1659 "-" "Mozilla/5.0 (Windows NT 10.0; Win64; x64) AppleWebKit/537.36 (KHTML, like Gecko) Chrome/90.0.4430.85 Safari/537.36"
::1 - - [21/Apr/2021:22:23:58 -0500] "POST /phpmyadmin/index.php HTTP/1.1" 200 2127 "-" "Mozilla/5.0 (Windows NT 10.0; Win64; x64) AppleWebKit/537.36 (KHTML, like Gecko) Chrome/90.0.4430.85 Safari/537.36"
::1 - - [21/Apr/2021:22:24:08 -0500] "GET /phpmyadmin/index.php?route=/sql&server=1&db=naturepoints&table=has_category&pos=0&ajax_request=true&ajax_page_request=true&_nocache=161906184878218768&token=427031707b63463166472c594c2e7151 HTTP/1.1" 200 5249 "-" "Mozilla/5.0 (Windows NT 10.0; Win64; x64) AppleWebKit/537.36 (KHTML, like Gecko) Chrome/90.0.4430.85 Safari/537.36"
::1 - - [21/Apr/2021:22:24:09 -0500] "GET /phpmyadmin/index.php?route=/recent-table&ajax_request=1&recent_table=1&no_debug=true&_nocache=1619061849449759437&token=427031707b63463166472c594c2e7151 HTTP/1.1" 200 1657 "-" "Mozilla/5.0 (Windows NT 10.0; Win64; x64) AppleWebKit/537.36 (KHTML, like Gecko) Chrome/90.0.4430.85 Safari/537.36"
::1 - - [21/Apr/2021:22:48:05 -0500] "POST /phpmyadmin/index.php?route=/ HTTP/1.1" 200 1666 "-" "Mozilla/5.0 (Windows NT 10.0; Win64; x64) AppleWebKit/537.36 (KHTML, like Gecko) Chrome/90.0.4430.85 Safari/537.36"
::1 - - [21/Apr/2021:23:06:46 -0500] "POST /phpmyadmin/index.php?route=/ HTTP/1.1" 200 1666 "-" "Mozilla/5.0 (Windows NT 10.0; Win64; x64) AppleWebKit/537.36 (KHTML, like Gecko) Chrome/90.0.4430.85 Safari/537.36"
::1 - - [21/Apr/2021:23:23:10 -0500] "POST /phpmyadmin/index.php?route=/ HTTP/1.1" 200 1666 "-" "Mozilla/5.0 (Windows NT 10.0; Win64; x64) AppleWebKit/537.36 (KHTML, like Gecko) Chrome/90.0.4430.85 Safari/537.36"
::1 - - [21/Apr/2021:23:35:17 -0500] "POST /phpmyadmin/index.php?route=/ HTTP/1.1" 200 1666 "-" "Mozilla/5.0 (Windows NT 10.0; Win64; x64) AppleWebKit/537.36 (KHTML, like Gecko) Chrome/90.0.4430.85 Safari/537.36"
::1 - - [21/Apr/2021:23:47:12 -0500] "POST /phpmyadmin/index.php?route=/ HTTP/1.1" 200 1666 "-" "Mozilla/5.0 (Windows NT 10.0; Win64; x64) AppleWebKit/537.36 (KHTML, like Gecko) Chrome/90.0.4430.85 Safari/537.36"
::1 - - [21/Apr/2021:23:58:55 -0500] "POST /phpmyadmin/index.php?route=/ HTTP/1.1" 200 1666 "-" "Mozilla/5.0 (Windows NT 10.0; Win64; x64) AppleWebKit/537.36 (KHTML, like Gecko) Chrome/90.0.4430.85 Safari/537.36"
::1 - - [22/Apr/2021:00:05:27 -0500] "POST /phpmyadmin/index.php?route=/ HTTP/1.1" 200 1666 "-" "Mozilla/5.0 (Windows NT 10.0; Win64; x64) AppleWebKit/537.36 (KHTML, like Gecko) Chrome/90.0.4430.85 Safari/537.36"
::1 - - [22/Apr/2021:00:11:52 -0500] "POST /phpmyadmin/index.php?route=/ HTTP/1.1" 200 1666 "-" "Mozilla/5.0 (Windows NT 10.0; Win64; x64) AppleWebKit/537.36 (KHTML, like Gecko) Chrome/90.0.4430.85 Safari/537.36"
::1 - - [22/Apr/2021:00:18:11 -0500] "POST /phpmyadmin/index.php?route=/ HTTP/1.1" 200 1666 "-" "Mozilla/5.0 (Windows NT 10.0; Win64; x64) AppleWebKit/537.36 (KHTML, like Gecko) Chrome/90.0.4430.85 Safari/537.36"
::1 - - [22/Apr/2021:00:24:24 -0500] "POST /phpmyadmin/index.php?route=/ HTTP/1.1" 200 1666 "-" "Mozilla/5.0 (Windows NT 10.0; Win64; x64) AppleWebKit/537.36 (KHTML, like Gecko) Chrome/90.0.4430.85 Safari/537.36"
::1 - - [22/Apr/2021:00:26:04 -0500] "POST /phpmyadmin/index.php?route=/ HTTP/1.1" 200 1666 "-" "Mozilla/5.0 (Windows NT 10.0; Win64; x64) AppleWebKit/537.36 (KHTML, like Gecko) Chrome/90.0.4430.85 Safari/537.36"
::1 - - [22/Apr/2021:00:26:17 -0500] "GET / HTTP/1.1" 302 - "-" "Mozilla/5.0 (Windows NT 10.0; Win64; x64) AppleWebKit/537.36 (KHTML, like Gecko) Chrome/90.0.4430.85 Safari/537.36"
::1 - - [22/Apr/2021:00:26:17 -0500] "GET /dashboard/ HTTP/1.1" 200 7577 "-" "Mozilla/5.0 (Windows NT 10.0; Win64; x64) AppleWebKit/537.36 (KHTML, like Gecko) Chrome/90.0.4430.85 Safari/537.36"
::1 - - [22/Apr/2021:00:26:17 -0500] "GET /dashboard/stylesheets/all.css HTTP/1.1" 200 481698 "http://localhost/dashboard/" "Mozilla/5.0 (Windows NT 10.0; Win64; x64) AppleWebKit/537.36 (KHTML, like Gecko) Chrome/90.0.4430.85 Safari/537.36"
::1 - - [22/Apr/2021:00:26:17 -0500] "GET /dashboard/stylesheets/normalize.css HTTP/1.1" 200 6876 "http://localhost/dashboard/" "Mozilla/5.0 (Windows NT 10.0; Win64; x64) AppleWebKit/537.36 (KHTML, like Gecko) Chrome/90.0.4430.85 Safari/537.36"
::1 - - [22/Apr/2021:00:26:17 -0500] "GET /dashboard/javascripts/modernizr.js HTTP/1.1" 200 51365 "http://localhost/dashboard/" "Mozilla/5.0 (Windows NT 10.0; Win64; x64) AppleWebKit/537.36 (KHTML, like Gecko) Chrome/90.0.4430.85 Safari/537.36"
::1 - - [22/Apr/2021:00:26:17 -0500] "GET /dashboard/javascripts/all.js HTTP/1.1" 200 188385 "http://localhost/dashboard/" "Mozilla/5.0 (Windows NT 10.0; Win64; x64) AppleWebKit/537.36 (KHTML, like Gecko) Chrome/90.0.4430.85 Safari/537.36"
::1 - - [22/Apr/2021:00:26:17 -0500] "GET /dashboard/images/bitnami-xampp.png HTTP/1.1" 200 22133 "http://localhost/dashboard/" "Mozilla/5.0 (Windows NT 10.0; Win64; x64) AppleWebKit/537.36 (KHTML, like Gecko) Chrome/90.0.4430.85 Safari/537.36"
::1 - - [22/Apr/2021:00:26:17 -0500] "GET /dashboard/images/xampp-logo.svg HTTP/1.1" 200 5427 "http://localhost/dashboard/" "Mozilla/5.0 (Windows NT 10.0; Win64; x64) AppleWebKit/537.36 (KHTML, like Gecko) Chrome/90.0.4430.85 Safari/537.36"
::1 - - [22/Apr/2021:00:26:17 -0500] "GET /dashboard/images/fastly-logo.png HTTP/1.1" 200 1770 "http://localhost/dashboard/" "Mozilla/5.0 (Windows NT 10.0; Win64; x64) AppleWebKit/537.36 (KHTML, like Gecko) Chrome/90.0.4430.85 Safari/537.36"
::1 - - [22/Apr/2021:00:26:17 -0500] "GET /dashboard/images/social-icons.png HTTP/1.1" 200 3361 "http://localhost/dashboard/stylesheets/all.css" "Mozilla/5.0 (Windows NT 10.0; Win64; x64) AppleWebKit/537.36 (KHTML, like Gecko) Chrome/90.0.4430.85 Safari/537.36"
::1 - - [22/Apr/2021:00:26:18 -0500] "GET /dashboard/images/favicon.png HTTP/1.1" 200 2508 "http://localhost/dashboard/" "Mozilla/5.0 (Windows NT 10.0; Win64; x64) AppleWebKit/537.36 (KHTML, like Gecko) Chrome/90.0.4430.85 Safari/537.36"
::1 - - [22/Apr/2021:00:27:13 -0500] "POST /phpmyadmin/index.php?route=/ HTTP/1.1" 200 1666 "-" "Mozilla/5.0 (Windows NT 10.0; Win64; x64) AppleWebKit/537.36 (KHTML, like Gecko) Chrome/90.0.4430.85 Safari/537.36"
::1 - - [22/Apr/2021:00:28:21 -0500] "POST /phpmyadmin/index.php?route=/ HTTP/1.1" 200 1666 "-" "Mozilla/5.0 (Windows NT 10.0; Win64; x64) AppleWebKit/537.36 (KHTML, like Gecko) Chrome/90.0.4430.85 Safari/537.36"
::1 - - [22/Apr/2021:00:29:28 -0500] "POST /phpmyadmin/index.php?route=/ HTTP/1.1" 200 1666 "-" "Mozilla/5.0 (Windows NT 10.0; Win64; x64) AppleWebKit/537.36 (KHTML, like Gecko) Chrome/90.0.4430.85 Safari/537.36"
::1 - - [22/Apr/2021:00:30:33 -0500] "POST /phpmyadmin/index.php?route=/ HTTP/1.1" 200 1666 "-" "Mozilla/5.0 (Windows NT 10.0; Win64; x64) AppleWebKit/537.36 (KHTML, like Gecko) Chrome/90.0.4430.85 Safari/537.36"
::1 - - [22/Apr/2021:00:31:37 -0500] "POST /phpmyadmin/index.php?route=/ HTTP/1.1" 200 1666 "-" "Mozilla/5.0 (Windows NT 10.0; Win64; x64) AppleWebKit/537.36 (KHTML, like Gecko) Chrome/90.0.4430.85 Safari/537.36"
::1 - - [22/Apr/2021:00:32:40 -0500] "POST /phpmyadmin/index.php?route=/ HTTP/1.1" 200 1666 "-" "Mozilla/5.0 (Windows NT 10.0; Win64; x64) AppleWebKit/537.36 (KHTML, like Gecko) Chrome/90.0.4430.85 Safari/537.36"
::1 - - [22/Apr/2021:00:33:42 -0500] "POST /phpmyadmin/index.php?route=/ HTTP/1.1" 200 1666 "-" "Mozilla/5.0 (Windows NT 10.0; Win64; x64) AppleWebKit/537.36 (KHTML, like Gecko) Chrome/90.0.4430.85 Safari/537.36"
::1 - - [22/Apr/2021:00:34:43 -0500] "POST /phpmyadmin/index.php?route=/ HTTP/1.1" 200 1666 "-" "Mozilla/5.0 (Windows NT 10.0; Win64; x64) AppleWebKit/537.36 (KHTML, like Gecko) Chrome/90.0.4430.85 Safari/537.36"
::1 - - [22/Apr/2021:00:35:43 -0500] "POST /phpmyadmin/index.php?route=/ HTTP/1.1" 200 1666 "-" "Mozilla/5.0 (Windows NT 10.0; Win64; x64) AppleWebKit/537.36 (KHTML, like Gecko) Chrome/90.0.4430.85 Safari/537.36"
::1 - - [22/Apr/2021:00:36:42 -0500] "POST /phpmyadmin/index.php?route=/ HTTP/1.1" 200 1666 "-" "Mozilla/5.0 (Windows NT 10.0; Win64; x64) AppleWebKit/537.36 (KHTML, like Gecko) Chrome/90.0.4430.85 Safari/537.36"
::1 - - [22/Apr/2021:00:37:40 -0500] "POST /phpmyadmin/index.php?route=/ HTTP/1.1" 200 1666 "-" "Mozilla/5.0 (Windows NT 10.0; Win64; x64) AppleWebKit/537.36 (KHTML, like Gecko) Chrome/90.0.4430.85 Safari/537.36"
::1 - - [22/Apr/2021:00:37:51 -0500] "GET /new/login HTTP/1.1" 404 296 "-" "Mozilla/5.0 (Windows NT 10.0; Win64; x64) AppleWebKit/537.36 (KHTML, like Gecko) Chrome/90.0.4430.85 Safari/537.36"
::1 - - [22/Apr/2021:00:37:51 -0500] "GET /favicon.ico HTTP/1.1" 200 30894 "http://localhost/new/login" "Mozilla/5.0 (Windows NT 10.0; Win64; x64) AppleWebKit/537.36 (KHTML, like Gecko) Chrome/90.0.4430.85 Safari/537.36"
::1 - - [22/Apr/2021:00:38:37 -0500] "POST /phpmyadmin/index.php?route=/ HTTP/1.1" 200 1666 "-" "Mozilla/5.0 (Windows NT 10.0; Win64; x64) AppleWebKit/537.36 (KHTML, like Gecko) Chrome/90.0.4430.85 Safari/537.36"
::1 - - [22/Apr/2021:00:39:05 -0500] "POST /phpmyadmin/index.php?route=/ HTTP/1.1" 200 1666 "-" "Mozilla/5.0 (Windows NT 10.0; Win64; x64) AppleWebKit/537.36 (KHTML, like Gecko) Chrome/90.0.4430.85 Safari/537.36"
::1 - - [22/Apr/2021:00:39:07 -0500] "POST /phpmyadmin/index.php?route=/ HTTP/1.1" 200 1666 "-" "Mozilla/5.0 (Windows NT 10.0; Win64; x64) AppleWebKit/537.36 (KHTML, like Gecko) Chrome/90.0.4430.85 Safari/537.36"
::1 - - [22/Apr/2021:00:39:30 -0500] "GET /new/login.html HTTP/1.1" 404 296 "-" "Mozilla/5.0 (Windows NT 10.0; Win64; x64) AppleWebKit/537.36 (KHTML, like Gecko) Chrome/90.0.4430.85 Safari/537.36"
::1 - - [22/Apr/2021:00:40:14 -0500] "GET /ui/login.html HTTP/1.1" 200 3447 "-" "Mozilla/5.0 (Windows NT 10.0; Win64; x64) AppleWebKit/537.36 (KHTML, like Gecko) Chrome/90.0.4430.85 Safari/537.36"
::1 - - [22/Apr/2021:00:40:14 -0500] "GET /ui/css/styles_B.css HTTP/1.1" 200 370 "http://localhost/ui/login.html" "Mozilla/5.0 (Windows NT 10.0; Win64; x64) AppleWebKit/537.36 (KHTML, like Gecko) Chrome/90.0.4430.85 Safari/537.36"
::1 - - [22/Apr/2021:00:40:14 -0500] "GET /ui/js_scripts/app.js HTTP/1.1" 200 126 "http://localhost/ui/login.html" "Mozilla/5.0 (Windows NT 10.0; Win64; x64) AppleWebKit/537.36 (KHTML, like Gecko) Chrome/90.0.4430.85 Safari/537.36"
::1 - - [22/Apr/2021:00:40:14 -0500] "GET /ui/styles.css HTTP/1.1" 200 633 "http://localhost/ui/login.html" "Mozilla/5.0 (Windows NT 10.0; Win64; x64) AppleWebKit/537.36 (KHTML, like Gecko) Chrome/90.0.4430.85 Safari/537.36"
::1 - - [22/Apr/2021:00:40:14 -0500] "GET /ui/images/fly%20fishing.jpg HTTP/1.1" 200 83900 "http://localhost/ui/login.html" "Mozilla/5.0 (Windows NT 10.0; Win64; x64) AppleWebKit/537.36 (KHTML, like Gecko) Chrome/90.0.4430.85 Safari/537.36"
::1 - - [22/Apr/2021:00:40:14 -0500] "GET /ui/images/hiking%20trail.jpg HTTP/1.1" 200 129861 "http://localhost/ui/login.html" "Mozilla/5.0 (Windows NT 10.0; Win64; x64) AppleWebKit/537.36 (KHTML, like Gecko) Chrome/90.0.4430.85 Safari/537.36"
::1 - - [22/Apr/2021:00:40:16 -0500] "GET /ui/index.html HTTP/1.1" 200 4717 "http://localhost/ui/login.html" "Mozilla/5.0 (Windows NT 10.0; Win64; x64) AppleWebKit/537.36 (KHTML, like Gecko) Chrome/90.0.4430.85 Safari/537.36"
::1 - - [22/Apr/2021:00:40:17 -0500] "GET /ui/images/backpacking.jpg HTTP/1.1" 200 117813 "http://localhost/ui/index.html" "Mozilla/5.0 (Windows NT 10.0; Win64; x64) AppleWebKit/537.36 (KHTML, like Gecko) Chrome/90.0.4430.85 Safari/537.36"
::1 - - [22/Apr/2021:00:40:17 -0500] "GET /ui/images/golf.jpg HTTP/1.1" 200 80957 "http://localhost/ui/index.html" "Mozilla/5.0 (Windows NT 10.0; Win64; x64) AppleWebKit/537.36 (KHTML, like Gecko) Chrome/90.0.4430.85 Safari/537.36"
::1 - - [22/Apr/2021:00:40:17 -0500] "GET /ui/images/old-friends.jpg HTTP/1.1" 200 128336 "http://localhost/ui/index.html" "Mozilla/5.0 (Windows NT 10.0; Win64; x64) AppleWebKit/537.36 (KHTML, like Gecko) Chrome/90.0.4430.85 Safari/537.36"
::1 - - [22/Apr/2021:00:40:17 -0500] "GET /ui/images/wildflower.jpg HTTP/1.1" 200 38667 "http://localhost/ui/index.html" "Mozilla/5.0 (Windows NT 10.0; Win64; x64) AppleWebKit/537.36 (KHTML, like Gecko) Chrome/90.0.4430.85 Safari/537.36"
::1 - - [22/Apr/2021:00:40:17 -0500] "GET /ui/images/kayak.jpg HTTP/1.1" 200 141544 "http://localhost/ui/index.html" "Mozilla/5.0 (Windows NT 10.0; Win64; x64) AppleWebKit/537.36 (KHTML, like Gecko) Chrome/90.0.4430.85 Safari/537.36"
::1 - - [22/Apr/2021:00:40:17 -0500] "GET /ui/images/elk.jpg HTTP/1.1" 200 129209 "http://localhost/ui/index.html" "Mozilla/5.0 (Windows NT 10.0; Win64; x64) AppleWebKit/537.36 (KHTML, like Gecko) Chrome/90.0.4430.85 Safari/537.36"
::1 - - [22/Apr/2021:00:40:26 -0500] "GET /ui/about.html HTTP/1.1" 200 4553 "http://localhost/ui/index.html" "Mozilla/5.0 (Windows NT 10.0; Win64; x64) AppleWebKit/537.36 (KHTML, like Gecko) Chrome/90.0.4430.85 Safari/537.36"
::1 - - [22/Apr/2021:00:40:27 -0500] "GET /ui/images/pikes%20peak.jpg HTTP/1.1" 200 277145 "http://localhost/ui/about.html" "Mozilla/5.0 (Windows NT 10.0; Win64; x64) AppleWebKit/537.36 (KHTML, like Gecko) Chrome/90.0.4430.85 Safari/537.36"
::1 - - [22/Apr/2021:00:40:27 -0500] "GET /ui/images/sunset-beach.jpg HTTP/1.1" 200 46953 "http://localhost/ui/about.html" "Mozilla/5.0 (Windows NT 10.0; Win64; x64) AppleWebKit/537.36 (KHTML, like Gecko) Chrome/90.0.4430.85 Safari/537.36"
::1 - - [22/Apr/2021:00:40:27 -0500] "GET /ui/images/gardening.jpg HTTP/1.1" 200 108700 "http://localhost/ui/about.html" "Mozilla/5.0 (Windows NT 10.0; Win64; x64) AppleWebKit/537.36 (KHTML, like Gecko) Chrome/90.0.4430.85 Safari/537.36"
::1 - - [22/Apr/2021:00:40:29 -0500] "GET /ui/the%20calculator.html HTTP/1.1" 200 10108 "http://localhost/ui/about.html" "Mozilla/5.0 (Windows NT 10.0; Win64; x64) AppleWebKit/537.36 (KHTML, like Gecko) Chrome/90.0.4430.85 Safari/537.36"
::1 - - [22/Apr/2021:00:40:29 -0500] "GET /ui/images/dog-walking.jpg HTTP/1.1" 200 159894 "http://localhost/ui/the%20calculator.html" "Mozilla/5.0 (Windows NT 10.0; Win64; x64) AppleWebKit/537.36 (KHTML, like Gecko) Chrome/90.0.4430.85 Safari/537.36"
::1 - - [22/Apr/2021:00:40:29 -0500] "GET /ui/images/snow-skiing.jpg HTTP/1.1" 200 127821 "http://localhost/ui/the%20calculator.html" "Mozilla/5.0 (Windows NT 10.0; Win64; x64) AppleWebKit/537.36 (KHTML, like Gecko) Chrome/90.0.4430.85 Safari/537.36"
::1 - - [22/Apr/2021:00:47:30 -0500] "GET /ui/contact.html HTTP/1.1" 200 4674 "http://localhost/ui/the%20calculator.html" "Mozilla/5.0 (Windows NT 10.0; Win64; x64) AppleWebKit/537.36 (KHTML, like Gecko) Chrome/90.0.4430.85 Safari/537.36"
::1 - - [22/Apr/2021:00:47:31 -0500] "GET /ui/render.js HTTP/1.1" 200 218 "http://localhost/ui/contact.html" "Mozilla/5.0 (Windows NT 10.0; Win64; x64) AppleWebKit/537.36 (KHTML, like Gecko) Chrome/90.0.4430.85 Safari/537.36"
::1 - - [22/Apr/2021:00:47:39 -0500] "GET /ui/point%20summary.html HTTP/1.1" 200 3456 "http://localhost/ui/login.html" "Mozilla/5.0 (Windows NT 10.0; Win64; x64) AppleWebKit/537.36 (KHTML, like Gecko) Chrome/90.0.4430.85 Safari/537.36"
::1 - - [22/Apr/2021:00:47:39 -0500] "GET /ui/images/hot%20air%20balloons.jpg HTTP/1.1" 200 89263 "http://localhost/ui/point%20summary.html" "Mozilla/5.0 (Windows NT 10.0; Win64; x64) AppleWebKit/537.36 (KHTML, like Gecko) Chrome/90.0.4430.85 Safari/537.36"
::1 - - [22/Apr/2021:00:47:39 -0500] "GET /ui/images/lake%202.jpg HTTP/1.1" 200 99698 "http://localhost/ui/point%20summary.html" "Mozilla/5.0 (Windows NT 10.0; Win64; x64) AppleWebKit/537.36 (KHTML, like Gecko) Chrome/90.0.4430.85 Safari/537.36"
::1 - - [22/Apr/2021:00:55:14 -0500] "GET /naturepoints-ui/about.html HTTP/1.1" 200 4553 "-" "Mozilla/5.0 (Windows NT 10.0; Win64; x64) AppleWebKit/537.36 (KHTML, like Gecko) Chrome/90.0.4430.85 Safari/537.36"
::1 - - [22/Apr/2021:00:55:14 -0500] "GET /naturepoints-ui/css/styles_B.css HTTP/1.1" 200 370 "http://localhost/naturepoints-ui/about.html" "Mozilla/5.0 (Windows NT 10.0; Win64; x64) AppleWebKit/537.36 (KHTML, like Gecko) Chrome/90.0.4430.85 Safari/537.36"
::1 - - [22/Apr/2021:00:55:14 -0500] "GET /naturepoints-ui/styles.css HTTP/1.1" 200 633 "http://localhost/naturepoints-ui/about.html" "Mozilla/5.0 (Windows NT 10.0; Win64; x64) AppleWebKit/537.36 (KHTML, like Gecko) Chrome/90.0.4430.85 Safari/537.36"
::1 - - [22/Apr/2021:00:55:14 -0500] "GET /naturepoints-ui/js_scripts/app.js HTTP/1.1" 200 126 "http://localhost/naturepoints-ui/about.html" "Mozilla/5.0 (Windows NT 10.0; Win64; x64) AppleWebKit/537.36 (KHTML, like Gecko) Chrome/90.0.4430.85 Safari/537.36"
::1 - - [22/Apr/2021:00:55:14 -0500] "GET /naturepoints-ui/images/pikes%20peak.jpg HTTP/1.1" 200 277145 "http://localhost/naturepoints-ui/about.html" "Mozilla/5.0 (Windows NT 10.0; Win64; x64) AppleWebKit/537.36 (KHTML, like Gecko) Chrome/90.0.4430.85 Safari/537.36"
::1 - - [22/Apr/2021:00:55:14 -0500] "GET /naturepoints-ui/images/sunset-beach.jpg HTTP/1.1" 200 46953 "http://localhost/naturepoints-ui/about.html" "Mozilla/5.0 (Windows NT 10.0; Win64; x64) AppleWebKit/537.36 (KHTML, like Gecko) Chrome/90.0.4430.85 Safari/537.36"
::1 - - [22/Apr/2021:00:55:14 -0500] "GET /naturepoints-ui/images/gardening.jpg HTTP/1.1" 200 108700 "http://localhost/naturepoints-ui/about.html" "Mozilla/5.0 (Windows NT 10.0; Win64; x64) AppleWebKit/537.36 (KHTML, like Gecko) Chrome/90.0.4430.85 Safari/537.36"
::1 - - [22/Apr/2021:00:55:16 -0500] "GET /naturepoints-ui/index.html HTTP/1.1" 200 4717 "http://localhost/naturepoints-ui/about.html" "Mozilla/5.0 (Windows NT 10.0; Win64; x64) AppleWebKit/537.36 (KHTML, like Gecko) Chrome/90.0.4430.85 Safari/537.36"
::1 - - [22/Apr/2021:00:55:16 -0500] "GET /naturepoints-ui/images/backpacking.jpg HTTP/1.1" 200 117813 "http://localhost/naturepoints-ui/index.html" "Mozilla/5.0 (Windows NT 10.0; Win64; x64) AppleWebKit/537.36 (KHTML, like Gecko) Chrome/90.0.4430.85 Safari/537.36"
::1 - - [22/Apr/2021:00:55:16 -0500] "GET /naturepoints-ui/images/golf.jpg HTTP/1.1" 200 80957 "http://localhost/naturepoints-ui/index.html" "Mozilla/5.0 (Windows NT 10.0; Win64; x64) AppleWebKit/537.36 (KHTML, like Gecko) Chrome/90.0.4430.85 Safari/537.36"
::1 - - [22/Apr/2021:00:55:16 -0500] "GET /naturepoints-ui/images/old-friends.jpg HTTP/1.1" 200 128336 "http://localhost/naturepoints-ui/index.html" "Mozilla/5.0 (Windows NT 10.0; Win64; x64) AppleWebKit/537.36 (KHTML, like Gecko) Chrome/90.0.4430.85 Safari/537.36"
::1 - - [22/Apr/2021:00:55:16 -0500] "GET /naturepoints-ui/images/kayak.jpg HTTP/1.1" 200 141544 "http://localhost/naturepoints-ui/index.html" "Mozilla/5.0 (Windows NT 10.0; Win64; x64) AppleWebKit/537.36 (KHTML, like Gecko) Chrome/90.0.4430.85 Safari/537.36"
::1 - - [22/Apr/2021:00:55:16 -0500] "GET /naturepoints-ui/images/elk.jpg HTTP/1.1" 200 129209 "http://localhost/naturepoints-ui/index.html" "Mozilla/5.0 (Windows NT 10.0; Win64; x64) AppleWebKit/537.36 (KHTML, like Gecko) Chrome/90.0.4430.85 Safari/537.36"
::1 - - [22/Apr/2021:00:55:16 -0500] "GET /naturepoints-ui/images/wildflower.jpg HTTP/1.1" 200 38667 "http://localhost/naturepoints-ui/index.html" "Mozilla/5.0 (Windows NT 10.0; Win64; x64) AppleWebKit/537.36 (KHTML, like Gecko) Chrome/90.0.4430.85 Safari/537.36"
::1 - - [22/Apr/2021:00:55:19 -0500] "GET /naturepoints-ui/contact.html HTTP/1.1" 200 4674 "http://localhost/naturepoints-ui/about.html" "Mozilla/5.0 (Windows NT 10.0; Win64; x64) AppleWebKit/537.36 (KHTML, like Gecko) Chrome/90.0.4430.85 Safari/537.36"
::1 - - [22/Apr/2021:00:55:19 -0500] "GET /naturepoints-ui/render.js HTTP/1.1" 200 218 "http://localhost/naturepoints-ui/contact.html" "Mozilla/5.0 (Windows NT 10.0; Win64; x64) AppleWebKit/537.36 (KHTML, like Gecko) Chrome/90.0.4430.85 Safari/537.36"
::1 - - [22/Apr/2021:00:55:21 -0500] "GET /naturepoints-ui/the%20calculator.html HTTP/1.1" 200 10108 "http://localhost/naturepoints-ui/contact.html" "Mozilla/5.0 (Windows NT 10.0; Win64; x64) AppleWebKit/537.36 (KHTML, like Gecko) Chrome/90.0.4430.85 Safari/537.36"
::1 - - [22/Apr/2021:00:55:21 -0500] "GET /naturepoints-ui/images/snow-skiing.jpg HTTP/1.1" 200 127821 "http://localhost/naturepoints-ui/the%20calculator.html" "Mozilla/5.0 (Windows NT 10.0; Win64; x64) AppleWebKit/537.36 (KHTML, like Gecko) Chrome/90.0.4430.85 Safari/537.36"
::1 - - [22/Apr/2021:00:55:21 -0500] "GET /naturepoints-ui/images/dog-walking.jpg HTTP/1.1" 200 159894 "http://localhost/naturepoints-ui/the%20calculator.html" "Mozilla/5.0 (Windows NT 10.0; Win64; x64) AppleWebKit/537.36 (KHTML, like Gecko) Chrome/90.0.4430.85 Safari/537.36"
::1 - - [22/Apr/2021:01:03:07 -0500] "POST /phpmyadmin/index.php?route=/ HTTP/1.1" 200 1666 "-" "Mozilla/5.0 (Windows NT 10.0; Win64; x64) AppleWebKit/537.36 (KHTML, like Gecko) Chrome/90.0.4430.85 Safari/537.36"
::1 - - [22/Apr/2021:01:21:52 -0500] "POST /phpmyadmin/index.php?route=/ HTTP/1.1" 200 1666 "-" "Mozilla/5.0 (Windows NT 10.0; Win64; x64) AppleWebKit/537.36 (KHTML, like Gecko) Chrome/90.0.4430.85 Safari/537.36"
::1 - - [22/Apr/2021:01:40:18 -0500] "POST /phpmyadmin/index.php?route=/ HTTP/1.1" 200 1666 "-" "Mozilla/5.0 (Windows NT 10.0; Win64; x64) AppleWebKit/537.36 (KHTML, like Gecko) Chrome/90.0.4430.85 Safari/537.36"
::1 - - [22/Apr/2021:01:42:41 -0500] "GET /naturepoints-ui/admin/insert_post HTTP/1.1" 404 296 "-" "Mozilla/5.0 (Windows NT 10.0; Win64; x64) AppleWebKit/537.36 (KHTML, like Gecko) Chrome/90.0.4430.85 Safari/537.36"
::1 - - [22/Apr/2021:01:42:52 -0500] "GET /naturepoints-ui/admin/insert_post.html HTTP/1.1" 200 4742 "-" "Mozilla/5.0 (Windows NT 10.0; Win64; x64) AppleWebKit/537.36 (KHTML, like Gecko) Chrome/90.0.4430.85 Safari/537.36"
::1 - - [22/Apr/2021:01:42:52 -0500] "GET /naturepoints-ui/admin/css/styles_B.css HTTP/1.1" 404 296 "http://localhost/naturepoints-ui/admin/insert_post.html" "Mozilla/5.0 (Windows NT 10.0; Win64; x64) AppleWebKit/537.36 (KHTML, like Gecko) Chrome/90.0.4430.85 Safari/537.36"
::1 - - [22/Apr/2021:01:42:52 -0500] "GET /naturepoints-ui/admin/styles.css HTTP/1.1" 404 296 "http://localhost/naturepoints-ui/admin/insert_post.html" "Mozilla/5.0 (Windows NT 10.0; Win64; x64) AppleWebKit/537.36 (KHTML, like Gecko) Chrome/90.0.4430.85 Safari/537.36"
::1 - - [22/Apr/2021:01:42:52 -0500] "GET /naturepoints-ui/admin/js_scripts/app.js HTTP/1.1" 404 296 "http://localhost/naturepoints-ui/admin/insert_post.html" "Mozilla/5.0 (Windows NT 10.0; Win64; x64) AppleWebKit/537.36 (KHTML, like Gecko) Chrome/90.0.4430.85 Safari/537.36"
::1 - - [22/Apr/2021:01:42:52 -0500] "GET /naturepoints-ui/admin/render.js HTTP/1.1" 404 296 "http://localhost/naturepoints-ui/admin/insert_post.html" "Mozilla/5.0 (Windows NT 10.0; Win64; x64) AppleWebKit/537.36 (KHTML, like Gecko) Chrome/90.0.4430.85 Safari/537.36"
::1 - - [22/Apr/2021:01:42:52 -0500] "GET /naturepoints-ui/admin/render.js HTTP/1.1" 404 296 "http://localhost/naturepoints-ui/admin/insert_post.html" "Mozilla/5.0 (Windows NT 10.0; Win64; x64) AppleWebKit/537.36 (KHTML, like Gecko) Chrome/90.0.4430.85 Safari/537.36"
::1 - - [22/Apr/2021:01:45:28 -0500] "GET /naturepoints-ui/admin/insert_post.html HTTP/1.1" 200 4674 "-" "Mozilla/5.0 (Windows NT 10.0; Win64; x64) AppleWebKit/537.36 (KHTML, like Gecko) Chrome/90.0.4430.85 Safari/537.36"
::1 - - [22/Apr/2021:01:45:29 -0500] "GET /naturepoints-ui/admin/css/styles_B.css HTTP/1.1" 404 296 "http://localhost/naturepoints-ui/admin/insert_post.html" "Mozilla/5.0 (Windows NT 10.0; Win64; x64) AppleWebKit/537.36 (KHTML, like Gecko) Chrome/90.0.4430.85 Safari/537.36"
::1 - - [22/Apr/2021:01:45:29 -0500] "GET /naturepoints-ui/admin/styles.css HTTP/1.1" 404 296 "http://localhost/naturepoints-ui/admin/insert_post.html" "Mozilla/5.0 (Windows NT 10.0; Win64; x64) AppleWebKit/537.36 (KHTML, like Gecko) Chrome/90.0.4430.85 Safari/537.36"
::1 - - [22/Apr/2021:01:45:29 -0500] "GET /naturepoints-ui/admin/js_scripts/app.js HTTP/1.1" 404 296 "http://localhost/naturepoints-ui/admin/insert_post.html" "Mozilla/5.0 (Windows NT 10.0; Win64; x64) AppleWebKit/537.36 (KHTML, like Gecko) Chrome/90.0.4430.85 Safari/537.36"
::1 - - [22/Apr/2021:01:45:29 -0500] "GET /naturepoints-ui/admin/render.js HTTP/1.1" 404 296 "http://localhost/naturepoints-ui/admin/insert_post.html" "Mozilla/5.0 (Windows NT 10.0; Win64; x64) AppleWebKit/537.36 (KHTML, like Gecko) Chrome/90.0.4430.85 Safari/537.36"
::1 - - [22/Apr/2021:01:45:29 -0500] "GET /naturepoints-ui/admin/render.js HTTP/1.1" 404 296 "http://localhost/naturepoints-ui/admin/insert_post.html" "Mozilla/5.0 (Windows NT 10.0; Win64; x64) AppleWebKit/537.36 (KHTML, like Gecko) Chrome/90.0.4430.85 Safari/537.36"
::1 - - [22/Apr/2021:01:45:29 -0500] "GET /favicon.ico HTTP/1.1" 200 30894 "http://localhost/naturepoints-ui/admin/insert_post.html" "Mozilla/5.0 (Windows NT 10.0; Win64; x64) AppleWebKit/537.36 (KHTML, like Gecko) Chrome/90.0.4430.85 Safari/537.36"
::1 - - [22/Apr/2021:01:54:06 -0500] "GET /naturepoints-ui/insert_post.html HTTP/1.1" 200 4674 "-" "Mozilla/5.0 (Windows NT 10.0; Win64; x64) AppleWebKit/537.36 (KHTML, like Gecko) Chrome/90.0.4430.85 Safari/537.36"
::1 - - [22/Apr/2021:01:56:34 -0500] "GET /naturepoints-ui/insert_post.html HTTP/1.1" 200 4736 "-" "Mozilla/5.0 (Windows NT 10.0; Win64; x64) AppleWebKit/537.36 (KHTML, like Gecko) Chrome/90.0.4430.85 Safari/537.36"
::1 - - [22/Apr/2021:01:56:35 -0500] "GET /favicon.ico HTTP/1.1" 200 30894 "http://localhost/naturepoints-ui/insert_post.html" "Mozilla/5.0 (Windows NT 10.0; Win64; x64) AppleWebKit/537.36 (KHTML, like Gecko) Chrome/90.0.4430.85 Safari/537.36"
::1 - - [22/Apr/2021:01:58:12 -0500] "GET /naturepoints-ui/insert_post.html HTTP/1.1" 200 4428 "-" "Mozilla/5.0 (Windows NT 10.0; Win64; x64) AppleWebKit/537.36 (KHTML, like Gecko) Chrome/90.0.4430.85 Safari/537.36"
::1 - - [22/Apr/2021:01:58:12 -0500] "GET /favicon.ico HTTP/1.1" 200 30894 "http://localhost/naturepoints-ui/insert_post.html" "Mozilla/5.0 (Windows NT 10.0; Win64; x64) AppleWebKit/537.36 (KHTML, like Gecko) Chrome/90.0.4430.85 Safari/537.36"
::1 - - [22/Apr/2021:01:58:26 -0500] "POST /phpmyadmin/index.php?route=/ HTTP/1.1" 200 1666 "-" "Mozilla/5.0 (Windows NT 10.0; Win64; x64) AppleWebKit/537.36 (KHTML, like Gecko) Chrome/90.0.4430.85 Safari/537.36"
::1 - - [22/Apr/2021:02:00:45 -0500] "GET /naturepoints-ui/insert_post.html HTTP/1.1" 304 - "-" "Mozilla/5.0 (Windows NT 10.0; Win64; x64) AppleWebKit/537.36 (KHTML, like Gecko) Chrome/90.0.4430.85 Safari/537.36"
::1 - - [22/Apr/2021:02:00:46 -0500] "GET /favicon.ico HTTP/1.1" 200 30894 "http://localhost/naturepoints-ui/insert_post.html" "Mozilla/5.0 (Windows NT 10.0; Win64; x64) AppleWebKit/537.36 (KHTML, like Gecko) Chrome/90.0.4430.85 Safari/537.36"
::1 - - [22/Apr/2021:02:01:42 -0500] "GET /naturepoints-ui/insert_post.html HTTP/1.1" 200 4429 "-" "Mozilla/5.0 (Windows NT 10.0; Win64; x64) AppleWebKit/537.36 (KHTML, like Gecko) Chrome/90.0.4430.85 Safari/537.36"
::1 - - [22/Apr/2021:02:01:42 -0500] "GET /favicon.ico HTTP/1.1" 200 30894 "http://localhost/naturepoints-ui/insert_post.html" "Mozilla/5.0 (Windows NT 10.0; Win64; x64) AppleWebKit/537.36 (KHTML, like Gecko) Chrome/90.0.4430.85 Safari/537.36"
::1 - - [22/Apr/2021:02:04:25 -0500] "GET /naturepoints-ui/insert_post.html HTTP/1.1" 200 4434 "-" "Mozilla/5.0 (Windows NT 10.0; Win64; x64) AppleWebKit/537.36 (KHTML, like Gecko) Chrome/90.0.4430.85 Safari/537.36"
::1 - - [22/Apr/2021:02:04:25 -0500] "GET /favicon.ico HTTP/1.1" 200 30894 "http://localhost/naturepoints-ui/insert_post.html" "Mozilla/5.0 (Windows NT 10.0; Win64; x64) AppleWebKit/537.36 (KHTML, like Gecko) Chrome/90.0.4430.85 Safari/537.36"
::1 - - [22/Apr/2021:02:08:08 -0500] "GET /naturepoints-ui/insert_post.html HTTP/1.1" 200 4288 "-" "Mozilla/5.0 (Windows NT 10.0; Win64; x64) AppleWebKit/537.36 (KHTML, like Gecko) Chrome/90.0.4430.85 Safari/537.36"
::1 - - [22/Apr/2021:02:08:09 -0500] "GET /favicon.ico HTTP/1.1" 200 30894 "http://localhost/naturepoints-ui/insert_post.html" "Mozilla/5.0 (Windows NT 10.0; Win64; x64) AppleWebKit/537.36 (KHTML, like Gecko) Chrome/90.0.4430.85 Safari/537.36"
::1 - - [22/Apr/2021:02:11:31 -0500] "GET /naturepoints-ui/insert_post.html HTTP/1.1" 200 4226 "-" "Mozilla/5.0 (Windows NT 10.0; Win64; x64) AppleWebKit/537.36 (KHTML, like Gecko) Chrome/90.0.4430.85 Safari/537.36"
::1 - - [22/Apr/2021:02:11:32 -0500] "GET /favicon.ico HTTP/1.1" 200 30894 "http://localhost/naturepoints-ui/insert_post.html" "Mozilla/5.0 (Windows NT 10.0; Win64; x64) AppleWebKit/537.36 (KHTML, like Gecko) Chrome/90.0.4430.85 Safari/537.36"
::1 - - [22/Apr/2021:14:40:49 -0500] "POST /phpmyadmin/index.php?route=/ HTTP/1.1" 200 1666 "-" "Mozilla/5.0 (Windows NT 10.0; Win64; x64) AppleWebKit/537.36 (KHTML, like Gecko) Chrome/90.0.4430.85 Safari/537.36"
