[Wed Apr 21 16:05:52.220685 2021] [ssl:warn] [pid 13296:tid 692] AH01909: www.example.com:443:0 server certificate does NOT include an ID which matches the server name
[Wed Apr 21 16:05:52.731458 2021] [ssl:warn] [pid 13296:tid 692] AH01909: www.example.com:443:0 server certificate does NOT include an ID which matches the server name
[Wed Apr 21 16:05:53.767019 2021] [mpm_winnt:notice] [pid 13296:tid 692] AH00455: Apache/2.4.46 (Win64) OpenSSL/1.1.1j PHP/7.4.16 configured -- resuming normal operations
[Wed Apr 21 16:05:53.767019 2021] [mpm_winnt:notice] [pid 13296:tid 692] AH00456: Apache Lounge VC15 Server built: Feb 18 2021 10:09:17
[Wed Apr 21 16:05:53.767019 2021] [core:notice] [pid 13296:tid 692] AH00094: Command line: 'C:\\xampp\\apache\\bin\\httpd.exe -d C:/xampp/apache'
[Wed Apr 21 16:05:53.901046 2021] [mpm_winnt:notice] [pid 13296:tid 692] AH00418: Parent: Created child process 1532
[Wed Apr 21 16:05:55.679041 2021] [ssl:warn] [pid 1532:tid 576] AH01909: www.example.com:443:0 server certificate does NOT include an ID which matches the server name
[Wed Apr 21 16:05:56.234981 2021] [ssl:warn] [pid 1532:tid 576] AH01909: www.example.com:443:0 server certificate does NOT include an ID which matches the server name
[Wed Apr 21 16:05:56.403304 2021] [mpm_winnt:notice] [pid 1532:tid 576] AH00354: Child: Starting 150 worker threads.
[Wed Apr 21 18:02:09.575838 2021] [ssl:warn] [pid 5304:tid 468] AH01909: www.example.com:443:0 server certificate does NOT include an ID which matches the server name
[Wed Apr 21 18:02:09.942361 2021] [ssl:warn] [pid 5304:tid 468] AH01909: www.example.com:443:0 server certificate does NOT include an ID which matches the server name
[Wed Apr 21 18:02:10.654761 2021] [mpm_winnt:notice] [pid 5304:tid 468] AH00455: Apache/2.4.46 (Win64) OpenSSL/1.1.1j PHP/7.4.16 configured -- resuming normal operations
[Wed Apr 21 18:02:10.654761 2021] [mpm_winnt:notice] [pid 5304:tid 468] AH00456: Apache Lounge VC15 Server built: Feb 18 2021 10:09:17
[Wed Apr 21 18:02:10.654761 2021] [core:notice] [pid 5304:tid 468] AH00094: Command line: 'c:\\xampp\\apache\\bin\\httpd.exe -d C:/xampp/apache'
[Wed Apr 21 18:02:10.840035 2021] [mpm_winnt:notice] [pid 5304:tid 468] AH00418: Parent: Created child process 11880
[Wed Apr 21 18:02:12.011877 2021] [ssl:warn] [pid 11880:tid 588] AH01909: www.example.com:443:0 server certificate does NOT include an ID which matches the server name
[Wed Apr 21 18:02:12.278015 2021] [ssl:warn] [pid 11880:tid 588] AH01909: www.example.com:443:0 server certificate does NOT include an ID which matches the server name
[Wed Apr 21 18:02:12.429004 2021] [mpm_winnt:notice] [pid 11880:tid 588] AH00354: Child: Starting 150 worker threads.
[Thu Apr 22 16:31:27.760293 2021] [ssl:warn] [pid 10668:tid 412] AH01909: www.example.com:443:0 server certificate does NOT include an ID which matches the server name
[Thu Apr 22 16:31:28.289698 2021] [core:warn] [pid 10668:tid 412] AH00098: pid file C:/GitHub/xampp-naturepoints/xampp/apache/logs/httpd.pid overwritten -- Unclean shutdown of previous Apache run?
[Thu Apr 22 16:31:28.300458 2021] [ssl:warn] [pid 10668:tid 412] AH01909: www.example.com:443:0 server certificate does NOT include an ID which matches the server name
[Thu Apr 22 16:31:29.449258 2021] [mpm_winnt:notice] [pid 10668:tid 412] AH00455: Apache/2.4.46 (Win64) OpenSSL/1.1.1j PHP/7.4.16 configured -- resuming normal operations
[Thu Apr 22 16:31:29.449258 2021] [mpm_winnt:notice] [pid 10668:tid 412] AH00456: Apache Lounge VC15 Server built: Feb 18 2021 10:09:17
[Thu Apr 22 16:31:29.449258 2021] [core:notice] [pid 10668:tid 412] AH00094: Command line: 'c:\\github\\xampp-naturepoints\\xampp\\apache\\bin\\httpd.exe -d C:/GitHub/xampp-naturepoints/xampp/apache'
[Thu Apr 22 16:31:29.675178 2021] [mpm_winnt:notice] [pid 10668:tid 412] AH00418: Parent: Created child process 3992
[Thu Apr 22 16:31:31.443472 2021] [ssl:warn] [pid 3992:tid 584] AH01909: www.example.com:443:0 server certificate does NOT include an ID which matches the server name
[Thu Apr 22 16:31:31.827291 2021] [ssl:warn] [pid 3992:tid 584] AH01909: www.example.com:443:0 server certificate does NOT include an ID which matches the server name
[Thu Apr 22 16:31:31.966623 2021] [mpm_winnt:notice] [pid 3992:tid 584] AH00354: Child: Starting 150 worker threads.
[Thu Apr 22 19:47:55.653862 2021] [php7:notice] [pid 3992:tid 1816] [client ::1:50768] PHP Notice:  Undefined index: seo in C:\\GitHub\\xampp-naturepoints\\xampp\\htdocs\\naturepoints-UI\\php\\insert_post.php on line 3, referer: http://localhost/naturepoints-ui/insert_post.html
[Thu Apr 22 19:47:55.657302 2021] [php7:notice] [pid 3992:tid 1816] [client ::1:50768] PHP Notice:  Undefined index: content in C:\\GitHub\\xampp-naturepoints\\xampp\\htdocs\\naturepoints-UI\\php\\insert_post.php on line 4, referer: http://localhost/naturepoints-ui/insert_post.html
[Thu Apr 22 19:47:55.659300 2021] [php7:notice] [pid 3992:tid 1816] [client ::1:50768] PHP Notice:  Undefined index: category in C:\\GitHub\\xampp-naturepoints\\xampp\\htdocs\\naturepoints-UI\\php\\insert_post.php on line 5, referer: http://localhost/naturepoints-ui/insert_post.html
[Thu Apr 22 19:47:55.668864 2021] [php7:warn] [pid 3992:tid 1816] [client ::1:50768] PHP Warning:  mysqli_execute() expects exactly 1 parameter, 2 given in C:\\GitHub\\xampp-naturepoints\\xampp\\htdocs\\naturepoints-UI\\php\\insert_post.php on line 11, referer: http://localhost/naturepoints-ui/insert_post.html
[Thu Apr 22 19:54:55.427834 2021] [php7:notice] [pid 3992:tid 1832] [client ::1:50780] PHP Notice:  Undefined index: seo in C:\\GitHub\\xampp-naturepoints\\xampp\\htdocs\\naturepoints-UI\\php\\insert_post.php on line 3, referer: http://localhost/naturepoints-ui/insert_post.html
[Thu Apr 22 19:54:55.431074 2021] [php7:notice] [pid 3992:tid 1832] [client ::1:50780] PHP Notice:  Undefined index: content in C:\\GitHub\\xampp-naturepoints\\xampp\\htdocs\\naturepoints-UI\\php\\insert_post.php on line 4, referer: http://localhost/naturepoints-ui/insert_post.html
[Thu Apr 22 19:54:55.432744 2021] [php7:notice] [pid 3992:tid 1832] [client ::1:50780] PHP Notice:  Undefined index: category in C:\\GitHub\\xampp-naturepoints\\xampp\\htdocs\\naturepoints-UI\\php\\insert_post.php on line 5, referer: http://localhost/naturepoints-ui/insert_post.html
[Thu Apr 22 19:57:31.328357 2021] [php7:notice] [pid 3992:tid 1832] [client ::1:50788] PHP Notice:  Undefined index: seo_title in C:\\GitHub\\xampp-naturepoints\\xampp\\htdocs\\naturepoints-UI\\php\\insert_post.php on line 3, referer: http://localhost/naturepoints-ui/insert_post.html
[Thu Apr 22 19:57:31.331796 2021] [php7:notice] [pid 3992:tid 1832] [client ::1:50788] PHP Notice:  Undefined index: content in C:\\GitHub\\xampp-naturepoints\\xampp\\htdocs\\naturepoints-UI\\php\\insert_post.php on line 4, referer: http://localhost/naturepoints-ui/insert_post.html
[Thu Apr 22 19:57:31.338746 2021] [php7:notice] [pid 3992:tid 1832] [client ::1:50788] PHP Notice:  Undefined index: category in C:\\GitHub\\xampp-naturepoints\\xampp\\htdocs\\naturepoints-UI\\php\\insert_post.php on line 5, referer: http://localhost/naturepoints-ui/insert_post.html
[Thu Apr 22 19:57:31.347742 2021] [php7:notice] [pid 3992:tid 1832] [client ::1:50788] PHP Notice:  Undefined variable: seo in C:\\GitHub\\xampp-naturepoints\\xampp\\htdocs\\naturepoints-UI\\php\\insert_post.php on line 10, referer: http://localhost/naturepoints-ui/insert_post.html
[Thu Apr 22 19:57:58.741220 2021] [php7:notice] [pid 3992:tid 1816] [client ::1:50793] PHP Notice:  Undefined index: seo_title in C:\\GitHub\\xampp-naturepoints\\xampp\\htdocs\\naturepoints-UI\\php\\insert_post.php on line 3, referer: http://localhost/naturepoints-ui/insert_post.html
[Thu Apr 22 19:57:58.751211 2021] [php7:notice] [pid 3992:tid 1816] [client ::1:50793] PHP Notice:  Undefined index: content in C:\\GitHub\\xampp-naturepoints\\xampp\\htdocs\\naturepoints-UI\\php\\insert_post.php on line 4, referer: http://localhost/naturepoints-ui/insert_post.html
[Thu Apr 22 19:57:58.754019 2021] [php7:notice] [pid 3992:tid 1816] [client ::1:50793] PHP Notice:  Undefined index: category in C:\\GitHub\\xampp-naturepoints\\xampp\\htdocs\\naturepoints-UI\\php\\insert_post.php on line 5, referer: http://localhost/naturepoints-ui/insert_post.html
[Thu Apr 22 20:05:29.185948 2021] [php7:notice] [pid 3992:tid 1816] [client ::1:50824] PHP Notice:  Undefined index: seo_title in C:\\GitHub\\xampp-naturepoints\\xampp\\htdocs\\naturepoints-UI\\php\\insert_post.php on line 3, referer: http://localhost/naturepoints-ui/insert_post.html
[Thu Apr 22 20:05:29.185948 2021] [php7:notice] [pid 3992:tid 1816] [client ::1:50824] PHP Notice:  Undefined index: content in C:\\GitHub\\xampp-naturepoints\\xampp\\htdocs\\naturepoints-UI\\php\\insert_post.php on line 4, referer: http://localhost/naturepoints-ui/insert_post.html
[Thu Apr 22 20:05:29.202931 2021] [php7:notice] [pid 3992:tid 1816] [client ::1:50824] PHP Notice:  Undefined index: category in C:\\GitHub\\xampp-naturepoints\\xampp\\htdocs\\naturepoints-UI\\php\\insert_post.php on line 5, referer: http://localhost/naturepoints-ui/insert_post.html
[Thu Apr 22 20:05:34.936277 2021] [php7:notice] [pid 3992:tid 1816] [client ::1:50827] PHP Notice:  Undefined index: seo_title in C:\\GitHub\\xampp-naturepoints\\xampp\\htdocs\\naturepoints-UI\\php\\insert_post.php on line 3, referer: http://localhost/naturepoints-ui/insert_post.html
[Thu Apr 22 20:05:34.936277 2021] [php7:notice] [pid 3992:tid 1816] [client ::1:50827] PHP Notice:  Undefined index: content in C:\\GitHub\\xampp-naturepoints\\xampp\\htdocs\\naturepoints-UI\\php\\insert_post.php on line 4, referer: http://localhost/naturepoints-ui/insert_post.html
[Thu Apr 22 20:05:34.949533 2021] [php7:notice] [pid 3992:tid 1816] [client ::1:50827] PHP Notice:  Undefined index: category in C:\\GitHub\\xampp-naturepoints\\xampp\\htdocs\\naturepoints-UI\\php\\insert_post.php on line 5, referer: http://localhost/naturepoints-ui/insert_post.html
[Thu Apr 22 20:06:08.873522 2021] [php7:notice] [pid 3992:tid 1832] [client ::1:50832] PHP Notice:  Undefined index: seo in C:\\GitHub\\xampp-naturepoints\\xampp\\htdocs\\naturepoints-UI\\php\\insert_post.php on line 3, referer: http://localhost/naturepoints-ui/insert_post.html
[Thu Apr 22 20:06:08.877576 2021] [php7:notice] [pid 3992:tid 1832] [client ::1:50832] PHP Notice:  Undefined index: content in C:\\GitHub\\xampp-naturepoints\\xampp\\htdocs\\naturepoints-UI\\php\\insert_post.php on line 4, referer: http://localhost/naturepoints-ui/insert_post.html
[Thu Apr 22 20:06:08.882244 2021] [php7:notice] [pid 3992:tid 1832] [client ::1:50832] PHP Notice:  Undefined index: category in C:\\GitHub\\xampp-naturepoints\\xampp\\htdocs\\naturepoints-UI\\php\\insert_post.php on line 5, referer: http://localhost/naturepoints-ui/insert_post.html
[Thu Apr 22 20:06:08.888047 2021] [php7:notice] [pid 3992:tid 1832] [client ::1:50832] PHP Notice:  Undefined variable: seo_title in C:\\GitHub\\xampp-naturepoints\\xampp\\htdocs\\naturepoints-UI\\php\\insert_post.php on line 10, referer: http://localhost/naturepoints-ui/insert_post.html
[Thu Apr 22 20:06:23.966512 2021] [php7:notice] [pid 3992:tid 1832] [client ::1:50835] PHP Notice:  Undefined index: seo in C:\\GitHub\\xampp-naturepoints\\xampp\\htdocs\\naturepoints-UI\\php\\insert_post.php on line 3, referer: http://localhost/naturepoints-ui/insert_post.html
[Thu Apr 22 20:06:23.974908 2021] [php7:notice] [pid 3992:tid 1832] [client ::1:50835] PHP Notice:  Undefined index: content in C:\\GitHub\\xampp-naturepoints\\xampp\\htdocs\\naturepoints-UI\\php\\insert_post.php on line 4, referer: http://localhost/naturepoints-ui/insert_post.html
[Thu Apr 22 20:06:23.981389 2021] [php7:notice] [pid 3992:tid 1832] [client ::1:50835] PHP Notice:  Undefined index: category in C:\\GitHub\\xampp-naturepoints\\xampp\\htdocs\\naturepoints-UI\\php\\insert_post.php on line 5, referer: http://localhost/naturepoints-ui/insert_post.html
[Thu Apr 22 20:10:59.479920 2021] [php7:notice] [pid 3992:tid 1816] [client ::1:50846] PHP Notice:  Undefined index: seo in C:\\GitHub\\xampp-naturepoints\\xampp\\htdocs\\naturepoints-UI\\php\\insert_post.php on line 3, referer: http://localhost/naturepoints-ui/insert_post.html
[Thu Apr 22 20:10:59.482102 2021] [php7:notice] [pid 3992:tid 1816] [client ::1:50846] PHP Notice:  Undefined index: content in C:\\GitHub\\xampp-naturepoints\\xampp\\htdocs\\naturepoints-UI\\php\\insert_post.php on line 4, referer: http://localhost/naturepoints-ui/insert_post.html
[Thu Apr 22 20:10:59.482102 2021] [php7:notice] [pid 3992:tid 1816] [client ::1:50846] PHP Notice:  Undefined index: category in C:\\GitHub\\xampp-naturepoints\\xampp\\htdocs\\naturepoints-UI\\php\\insert_post.php on line 5, referer: http://localhost/naturepoints-ui/insert_post.html
[Thu Apr 22 20:11:10.642301 2021] [php7:notice] [pid 3992:tid 1816] [client ::1:50849] PHP Notice:  Undefined index: seo in C:\\GitHub\\xampp-naturepoints\\xampp\\htdocs\\naturepoints-UI\\php\\insert_post.php on line 3, referer: http://localhost/naturepoints-ui/insert_post.html
[Thu Apr 22 20:11:10.648578 2021] [php7:notice] [pid 3992:tid 1816] [client ::1:50849] PHP Notice:  Undefined index: content in C:\\GitHub\\xampp-naturepoints\\xampp\\htdocs\\naturepoints-UI\\php\\insert_post.php on line 4, referer: http://localhost/naturepoints-ui/insert_post.html
[Thu Apr 22 20:11:10.649575 2021] [php7:notice] [pid 3992:tid 1816] [client ::1:50849] PHP Notice:  Undefined index: category in C:\\GitHub\\xampp-naturepoints\\xampp\\htdocs\\naturepoints-UI\\php\\insert_post.php on line 5, referer: http://localhost/naturepoints-ui/insert_post.html
[Thu Apr 22 20:16:41.934786 2021] [php7:notice] [pid 3992:tid 1816] [client ::1:51091] PHP Notice:  Undefined index: seo in C:\\GitHub\\xampp-naturepoints\\xampp\\htdocs\\naturepoints-UI\\php\\insert_post.php on line 3, referer: http://localhost/naturepoints-ui/insert_post.html
[Thu Apr 22 20:16:41.935781 2021] [php7:notice] [pid 3992:tid 1816] [client ::1:51091] PHP Notice:  Undefined index: content in C:\\GitHub\\xampp-naturepoints\\xampp\\htdocs\\naturepoints-UI\\php\\insert_post.php on line 4, referer: http://localhost/naturepoints-ui/insert_post.html
[Thu Apr 22 20:16:41.935781 2021] [php7:notice] [pid 3992:tid 1816] [client ::1:51091] PHP Notice:  Undefined index: category in C:\\GitHub\\xampp-naturepoints\\xampp\\htdocs\\naturepoints-UI\\php\\insert_post.php on line 6, referer: http://localhost/naturepoints-ui/insert_post.html
[Thu Apr 22 20:16:47.073474 2021] [php7:notice] [pid 3992:tid 1816] [client ::1:51094] PHP Notice:  Undefined index: seo in C:\\GitHub\\xampp-naturepoints\\xampp\\htdocs\\naturepoints-UI\\php\\insert_post.php on line 3, referer: http://localhost/naturepoints-ui/insert_post.html
[Thu Apr 22 20:16:47.073474 2021] [php7:notice] [pid 3992:tid 1816] [client ::1:51094] PHP Notice:  Undefined index: content in C:\\GitHub\\xampp-naturepoints\\xampp\\htdocs\\naturepoints-UI\\php\\insert_post.php on line 4, referer: http://localhost/naturepoints-ui/insert_post.html
[Thu Apr 22 20:16:47.073474 2021] [php7:notice] [pid 3992:tid 1816] [client ::1:51094] PHP Notice:  Undefined index: category in C:\\GitHub\\xampp-naturepoints\\xampp\\htdocs\\naturepoints-UI\\php\\insert_post.php on line 6, referer: http://localhost/naturepoints-ui/insert_post.html
[Thu Apr 22 20:16:50.996871 2021] [php7:notice] [pid 3992:tid 1816] [client ::1:51098] PHP Notice:  Undefined index: seo in C:\\GitHub\\xampp-naturepoints\\xampp\\htdocs\\naturepoints-UI\\php\\insert_post.php on line 3, referer: http://localhost/naturepoints-ui/insert_post.html
[Thu Apr 22 20:16:50.996871 2021] [php7:notice] [pid 3992:tid 1816] [client ::1:51098] PHP Notice:  Undefined index: content in C:\\GitHub\\xampp-naturepoints\\xampp\\htdocs\\naturepoints-UI\\php\\insert_post.php on line 4, referer: http://localhost/naturepoints-ui/insert_post.html
[Thu Apr 22 20:16:51.003487 2021] [php7:notice] [pid 3992:tid 1816] [client ::1:51098] PHP Notice:  Undefined index: category in C:\\GitHub\\xampp-naturepoints\\xampp\\htdocs\\naturepoints-UI\\php\\insert_post.php on line 6, referer: http://localhost/naturepoints-ui/insert_post.html
[Thu Apr 22 20:18:53.003221 2021] [php7:notice] [pid 3992:tid 1832] [client ::1:51108] PHP Notice:  Undefined index: seo in C:\\GitHub\\xampp-naturepoints\\xampp\\htdocs\\naturepoints-UI\\php\\insert_post.php on line 3, referer: http://localhost/naturepoints-ui/insert_post.html
[Thu Apr 22 20:18:53.003221 2021] [php7:notice] [pid 3992:tid 1832] [client ::1:51108] PHP Notice:  Undefined index: content in C:\\GitHub\\xampp-naturepoints\\xampp\\htdocs\\naturepoints-UI\\php\\insert_post.php on line 4, referer: http://localhost/naturepoints-ui/insert_post.html
[Thu Apr 22 20:18:53.007235 2021] [php7:notice] [pid 3992:tid 1832] [client ::1:51108] PHP Notice:  Undefined index: category in C:\\GitHub\\xampp-naturepoints\\xampp\\htdocs\\naturepoints-UI\\php\\insert_post.php on line 6, referer: http://localhost/naturepoints-ui/insert_post.html
[Thu Apr 22 20:19:30.112201 2021] [php7:notice] [pid 3992:tid 1816] [client ::1:51115] PHP Notice:  Undefined index: seo in C:\\GitHub\\xampp-naturepoints\\xampp\\htdocs\\naturepoints-UI\\php\\insert_post.php on line 3, referer: http://localhost/naturepoints-ui/insert_post.html
[Thu Apr 22 20:19:30.122774 2021] [php7:notice] [pid 3992:tid 1816] [client ::1:51115] PHP Notice:  Undefined index: content in C:\\GitHub\\xampp-naturepoints\\xampp\\htdocs\\naturepoints-UI\\php\\insert_post.php on line 4, referer: http://localhost/naturepoints-ui/insert_post.html
[Thu Apr 22 20:19:30.130797 2021] [php7:notice] [pid 3992:tid 1816] [client ::1:51115] PHP Notice:  Undefined index: category in C:\\GitHub\\xampp-naturepoints\\xampp\\htdocs\\naturepoints-UI\\php\\insert_post.php on line 6, referer: http://localhost/naturepoints-ui/insert_post.html
[Thu Apr 22 22:40:42.286426 2021] [php7:notice] [pid 3992:tid 1840] [client ::1:52351] PHP Notice:  Undefined index: title in C:\\GitHub\\xampp-naturepoints\\xampp\\htdocs\\naturepoints-UI\\php\\suggest_activity.php on line 2
[Thu Apr 22 22:40:42.289050 2021] [php7:notice] [pid 3992:tid 1840] [client ::1:52351] PHP Notice:  Undefined index: content in C:\\GitHub\\xampp-naturepoints\\xampp\\htdocs\\naturepoints-UI\\php\\suggest_activity.php on line 3
[Thu Apr 22 22:40:42.290042 2021] [php7:notice] [pid 3992:tid 1840] [client ::1:52351] PHP Notice:  Undefined index: author in C:\\GitHub\\xampp-naturepoints\\xampp\\htdocs\\naturepoints-UI\\php\\suggest_activity.php on line 4
[Thu Apr 22 22:40:59.705375 2021] [php7:notice] [pid 3992:tid 1840] [client ::1:52353] PHP Notice:  Undefined index: title in C:\\GitHub\\xampp-naturepoints\\xampp\\htdocs\\naturepoints-UI\\php\\suggest_activity.php on line 2
[Thu Apr 22 22:40:59.709010 2021] [php7:notice] [pid 3992:tid 1840] [client ::1:52353] PHP Notice:  Undefined index: content in C:\\GitHub\\xampp-naturepoints\\xampp\\htdocs\\naturepoints-UI\\php\\suggest_activity.php on line 3
[Thu Apr 22 22:40:59.709010 2021] [php7:notice] [pid 3992:tid 1840] [client ::1:52353] PHP Notice:  Undefined index: author in C:\\GitHub\\xampp-naturepoints\\xampp\\htdocs\\naturepoints-UI\\php\\suggest_activity.php on line 4
[Thu Apr 22 22:43:47.149219 2021] [php7:notice] [pid 3992:tid 1840] [client ::1:52371] PHP Notice:  Undefined index: title in C:\\GitHub\\xampp-naturepoints\\xampp\\htdocs\\naturepoints-UI\\php\\suggest_activity.php on line 2
[Thu Apr 22 22:43:47.159514 2021] [php7:notice] [pid 3992:tid 1840] [client ::1:52371] PHP Notice:  Undefined index: content in C:\\GitHub\\xampp-naturepoints\\xampp\\htdocs\\naturepoints-UI\\php\\suggest_activity.php on line 3
[Thu Apr 22 22:43:47.162083 2021] [php7:notice] [pid 3992:tid 1840] [client ::1:52371] PHP Notice:  Undefined index: author in C:\\GitHub\\xampp-naturepoints\\xampp\\htdocs\\naturepoints-UI\\php\\suggest_activity.php on line 4
[Thu Apr 22 22:43:54.894654 2021] [php7:notice] [pid 3992:tid 1816] [client ::1:52376] PHP Notice:  Undefined index: title in C:\\GitHub\\xampp-naturepoints\\xampp\\htdocs\\naturepoints-UI\\php\\suggest_activity.php on line 2
[Thu Apr 22 22:43:54.894654 2021] [php7:notice] [pid 3992:tid 1816] [client ::1:52376] PHP Notice:  Undefined index: content in C:\\GitHub\\xampp-naturepoints\\xampp\\htdocs\\naturepoints-UI\\php\\suggest_activity.php on line 3
[Thu Apr 22 22:43:54.894654 2021] [php7:notice] [pid 3992:tid 1816] [client ::1:52376] PHP Notice:  Undefined index: author in C:\\GitHub\\xampp-naturepoints\\xampp\\htdocs\\naturepoints-UI\\php\\suggest_activity.php on line 4
[Thu Apr 22 22:43:58.032140 2021] [php7:notice] [pid 3992:tid 1816] [client ::1:52376] PHP Notice:  Undefined index: title in C:\\GitHub\\xampp-naturepoints\\xampp\\htdocs\\naturepoints-UI\\php\\suggest_activity.php on line 2
[Thu Apr 22 22:43:58.032140 2021] [php7:notice] [pid 3992:tid 1816] [client ::1:52376] PHP Notice:  Undefined index: content in C:\\GitHub\\xampp-naturepoints\\xampp\\htdocs\\naturepoints-UI\\php\\suggest_activity.php on line 3
[Thu Apr 22 22:43:58.032140 2021] [php7:notice] [pid 3992:tid 1816] [client ::1:52376] PHP Notice:  Undefined index: author in C:\\GitHub\\xampp-naturepoints\\xampp\\htdocs\\naturepoints-UI\\php\\suggest_activity.php on line 4
[Thu Apr 22 22:47:39.897837 2021] [php7:notice] [pid 3992:tid 1816] [client ::1:52390] PHP Notice:  Undefined index: title in C:\\GitHub\\xampp-naturepoints\\xampp\\htdocs\\naturepoints-UI\\php\\suggest_activity.php on line 2
[Thu Apr 22 22:47:39.898832 2021] [php7:notice] [pid 3992:tid 1816] [client ::1:52390] PHP Notice:  Undefined index: content in C:\\GitHub\\xampp-naturepoints\\xampp\\htdocs\\naturepoints-UI\\php\\suggest_activity.php on line 3
[Thu Apr 22 22:47:39.898832 2021] [php7:notice] [pid 3992:tid 1816] [client ::1:52390] PHP Notice:  Undefined index: author in C:\\GitHub\\xampp-naturepoints\\xampp\\htdocs\\naturepoints-UI\\php\\suggest_activity.php on line 4
[Thu Apr 22 22:50:05.205153 2021] [php7:notice] [pid 3992:tid 1840] [client ::1:52409] PHP Notice:  Undefined index: title in C:\\GitHub\\xampp-naturepoints\\xampp\\htdocs\\naturepoints-UI\\php\\suggest_activity.php on line 2
[Thu Apr 22 22:50:05.209772 2021] [php7:notice] [pid 3992:tid 1840] [client ::1:52409] PHP Notice:  Undefined index: content in C:\\GitHub\\xampp-naturepoints\\xampp\\htdocs\\naturepoints-UI\\php\\suggest_activity.php on line 3
[Thu Apr 22 22:50:05.214675 2021] [php7:notice] [pid 3992:tid 1840] [client ::1:52409] PHP Notice:  Undefined index: author in C:\\GitHub\\xampp-naturepoints\\xampp\\htdocs\\naturepoints-UI\\php\\suggest_activity.php on line 4
[Thu Apr 22 22:50:10.450419 2021] [php7:notice] [pid 3992:tid 1816] [client ::1:52408] PHP Notice:  Undefined index: title in C:\\GitHub\\xampp-naturepoints\\xampp\\htdocs\\naturepoints-UI\\php\\suggest_activity.php on line 2
[Thu Apr 22 22:50:10.459712 2021] [php7:notice] [pid 3992:tid 1816] [client ::1:52408] PHP Notice:  Undefined index: content in C:\\GitHub\\xampp-naturepoints\\xampp\\htdocs\\naturepoints-UI\\php\\suggest_activity.php on line 3
[Thu Apr 22 22:50:10.464093 2021] [php7:notice] [pid 3992:tid 1816] [client ::1:52408] PHP Notice:  Undefined index: author in C:\\GitHub\\xampp-naturepoints\\xampp\\htdocs\\naturepoints-UI\\php\\suggest_activity.php on line 4
[Thu Apr 22 22:50:26.168246 2021] [php7:notice] [pid 3992:tid 1816] [client ::1:52413] PHP Notice:  Undefined index: title in C:\\GitHub\\xampp-naturepoints\\xampp\\htdocs\\naturepoints-UI\\php\\suggest_activity.php on line 2
[Thu Apr 22 22:50:26.169243 2021] [php7:notice] [pid 3992:tid 1816] [client ::1:52413] PHP Notice:  Undefined index: content in C:\\GitHub\\xampp-naturepoints\\xampp\\htdocs\\naturepoints-UI\\php\\suggest_activity.php on line 3
[Thu Apr 22 22:50:26.169243 2021] [php7:notice] [pid 3992:tid 1816] [client ::1:52413] PHP Notice:  Undefined index: author in C:\\GitHub\\xampp-naturepoints\\xampp\\htdocs\\naturepoints-UI\\php\\suggest_activity.php on line 4
[Thu Apr 22 23:42:37.500521 2021] [ssl:warn] [pid 1732:tid 580] AH01909: www.example.com:443:0 server certificate does NOT include an ID which matches the server name
[Thu Apr 22 23:42:37.774416 2021] [core:warn] [pid 1732:tid 580] AH00098: pid file C:/GitHub/xampp-naturepoints/xampp/apache/logs/httpd.pid overwritten -- Unclean shutdown of previous Apache run?
[Thu Apr 22 23:42:37.781412 2021] [ssl:warn] [pid 1732:tid 580] AH01909: www.example.com:443:0 server certificate does NOT include an ID which matches the server name
[Thu Apr 22 23:42:37.972502 2021] [mpm_winnt:notice] [pid 1732:tid 580] AH00455: Apache/2.4.46 (Win64) OpenSSL/1.1.1j PHP/7.4.16 configured -- resuming normal operations
[Thu Apr 22 23:42:37.972502 2021] [mpm_winnt:notice] [pid 1732:tid 580] AH00456: Apache Lounge VC15 Server built: Feb 18 2021 10:09:17
[Thu Apr 22 23:42:37.972502 2021] [core:notice] [pid 1732:tid 580] AH00094: Command line: 'c:\\github\\xampp-naturepoints\\xampp\\apache\\bin\\httpd.exe -d C:/GitHub/xampp-naturepoints/xampp/apache'
[Thu Apr 22 23:42:38.128162 2021] [mpm_winnt:notice] [pid 1732:tid 580] AH00418: Parent: Created child process 3992
[Thu Apr 22 23:42:39.172158 2021] [ssl:warn] [pid 3992:tid 604] AH01909: www.example.com:443:0 server certificate does NOT include an ID which matches the server name
[Thu Apr 22 23:42:39.493941 2021] [ssl:warn] [pid 3992:tid 604] AH01909: www.example.com:443:0 server certificate does NOT include an ID which matches the server name
[Thu Apr 22 23:42:39.606260 2021] [mpm_winnt:notice] [pid 3992:tid 604] AH00354: Child: Starting 150 worker threads.
